mode: set
github.com/danielmiessler/fabric/main.go:11.13,13.41 2 0
github.com/danielmiessler/fabric/main.go:13.41,16.3 2 0
github.com/danielmiessler/fabric/plugins/ai/anthropic/anthropic.go:17.32,43.2 10 1
github.com/danielmiessler/fabric/plugins/ai/anthropic/anthropic.go:57.43,58.34 1 0
github.com/danielmiessler/fabric/plugins/ai/anthropic/anthropic.go:58.34,61.81 2 0
github.com/danielmiessler/fabric/plugins/ai/anthropic/anthropic.go:61.81,62.48 1 0
github.com/danielmiessler/fabric/plugins/ai/anthropic/anthropic.go:62.48,64.14 1 0
github.com/danielmiessler/fabric/plugins/ai/anthropic/anthropic.go:65.13,65.38 1 0
github.com/danielmiessler/fabric/plugins/ai/anthropic/anthropic.go:68.9,71.10 1 0
github.com/danielmiessler/fabric/plugins/ai/anthropic/anthropic.go:72.11,74.6 1 0
github.com/danielmiessler/fabric/plugins/ai/anthropic/anthropic.go:75.5,75.11 1 0
github.com/danielmiessler/fabric/plugins/ai/anthropic/anthropic.go:78.58,80.2 1 1
github.com/danielmiessler/fabric/plugins/ai/anthropic/anthropic.go:84.15,96.23 4 0
github.com/danielmiessler/fabric/plugins/ai/anthropic/anthropic.go:96.23,99.44 2 0
github.com/danielmiessler/fabric/plugins/ai/anthropic/anthropic.go:100.52,101.33 1 0
github.com/danielmiessler/fabric/plugins/ai/anthropic/anthropic.go:101.33,103.14 1 0
github.com/danielmiessler/fabric/plugins/ai/anthropic/anthropic.go:107.5,107.28 1 0
github.com/danielmiessler/fabric/plugins/ai/anthropic/anthropic.go:107.28,109.6 1 0
github.com/danielmiessler/fabric/plugins/ai/anthropic/anthropic.go:110.5,111.11 2 0
github.com/danielmiessler/fabric/plugins/ai/anthropic/anthropic.go:114.135,124.20 3 0
github.com/danielmiessler/fabric/plugins/ai/anthropic/anthropic.go:124.20,126.6 1 0
github.com/danielmiessler/fabric/plugins/ai/anthropic/anthropic.go:127.5,128.11 2 0
github.com/danielmiessler/fabric/plugins/ai/anthropic/anthropic.go:131.101,134.44 2 0
github.com/danielmiessler/fabric/plugins/ai/anthropic/anthropic.go:134.44,136.25 2 0
github.com/danielmiessler/fabric/plugins/ai/anthropic/anthropic.go:137.43,138.84 1 0
github.com/danielmiessler/fabric/plugins/ai/anthropic/anthropic.go:139.17,140.89 1 0
github.com/danielmiessler/fabric/plugins/ai/anthropic/anthropic.go:142.9,142.35 1 0
github.com/danielmiessler/fabric/plugins/ai/anthropic/anthropic.go:144.5,144.11 1 0
github.com/danielmiessler/fabric/common/attachment.go:24.54,25.17 1 0
github.com/danielmiessler/fabric/common/attachment.go:25.17,27.23 2 0
github.com/danielmiessler/fabric/common/attachment.go:27.23,29.4 1 0
github.com/danielmiessler/fabric/common/attachment.go:29.9,29.27 1 0
github.com/danielmiessler/fabric/common/attachment.go:29.27,31.59 2 0
github.com/danielmiessler/fabric/common/attachment.go:31.59,33.5 1 0
github.com/danielmiessler/fabric/common/attachment.go:34.4,34.52 1 0
github.com/danielmiessler/fabric/common/attachment.go:35.9,35.26 1 0
github.com/danielmiessler/fabric/common/attachment.go:35.26,38.54 3 0
github.com/danielmiessler/fabric/common/attachment.go:38.54,40.5 1 0
github.com/danielmiessler/fabric/common/attachment.go:41.4,41.53 1 0
github.com/danielmiessler/fabric/common/attachment.go:43.3,43.15 1 0
github.com/danielmiessler/fabric/common/attachment.go:45.2,46.8 2 0
github.com/danielmiessler/fabric/common/attachment.go:49.60,50.19 1 0
github.com/danielmiessler/fabric/common/attachment.go:50.19,53.3 2 0
github.com/danielmiessler/fabric/common/attachment.go:54.2,54.19 1 0
github.com/danielmiessler/fabric/common/attachment.go:54.19,56.59 2 0
github.com/danielmiessler/fabric/common/attachment.go:56.59,58.4 1 0
github.com/danielmiessler/fabric/common/attachment.go:59.3,60.9 2 0
github.com/danielmiessler/fabric/common/attachment.go:62.2,62.18 1 0
github.com/danielmiessler/fabric/common/attachment.go:62.18,64.48 2 0
github.com/danielmiessler/fabric/common/attachment.go:64.48,66.4 1 0
github.com/danielmiessler/fabric/common/attachment.go:67.3,69.9 3 0
github.com/danielmiessler/fabric/common/attachment.go:71.2,71.22 1 0
github.com/danielmiessler/fabric/common/attachment.go:71.22,74.3 2 0
github.com/danielmiessler/fabric/common/attachment.go:75.2,76.8 2 0
github.com/danielmiessler/fabric/common/attachment.go:79.61,80.22 1 0
github.com/danielmiessler/fabric/common/attachment.go:80.22,83.3 2 0
github.com/danielmiessler/fabric/common/attachment.go:84.2,84.19 1 0
github.com/danielmiessler/fabric/common/attachment.go:84.19,85.54 1 0
github.com/danielmiessler/fabric/common/attachment.go:85.54,87.4 1 0
github.com/danielmiessler/fabric/common/attachment.go:88.3,88.9 1 0
github.com/danielmiessler/fabric/common/attachment.go:90.2,90.18 1 0
github.com/danielmiessler/fabric/common/attachment.go:90.18,92.47 2 0
github.com/danielmiessler/fabric/common/attachment.go:92.47,94.4 1 0
github.com/danielmiessler/fabric/common/attachment.go:95.3,96.55 2 0
github.com/danielmiessler/fabric/common/attachment.go:96.55,98.4 1 0
github.com/danielmiessler/fabric/common/attachment.go:99.3,99.9 1 0
github.com/danielmiessler/fabric/common/attachment.go:101.2,102.8 2 0
github.com/danielmiessler/fabric/common/attachment.go:105.62,107.49 2 0
github.com/danielmiessler/fabric/common/attachment.go:107.49,109.3 1 0
github.com/danielmiessler/fabric/common/attachment.go:110.2,111.8 2 0
github.com/danielmiessler/fabric/common/attachment.go:114.63,115.18 1 0
github.com/danielmiessler/fabric/common/attachment.go:115.18,117.63 2 0
github.com/danielmiessler/fabric/common/attachment.go:117.63,119.4 1 0
github.com/danielmiessler/fabric/common/attachment.go:120.3,124.9 2 0
github.com/danielmiessler/fabric/common/attachment.go:127.2,128.52 2 0
github.com/danielmiessler/fabric/common/attachment.go:128.52,130.3 1 0
github.com/danielmiessler/fabric/common/attachment.go:131.2,131.51 1 0
github.com/danielmiessler/fabric/common/attachment.go:131.51,134.3 2 0
github.com/danielmiessler/fabric/common/attachment.go:136.2,137.65 2 0
github.com/danielmiessler/fabric/common/attachment.go:137.65,139.3 1 0
github.com/danielmiessler/fabric/common/attachment.go:140.2,144.8 2 0
github.com/danielmiessler/fabric/common/attachment.go:147.56,149.16 2 0
github.com/danielmiessler/fabric/common/attachment.go:149.16,151.3 1 0
github.com/danielmiessler/fabric/common/attachment.go:152.2,154.20 3 0
github.com/danielmiessler/fabric/common/attachment.go:154.20,156.3 1 0
github.com/danielmiessler/fabric/common/attachment.go:157.2,157.22 1 0
github.com/danielmiessler/fabric/common/attachment.go:160.58,162.16 2 0
github.com/danielmiessler/fabric/common/attachment.go:162.16,164.3 1 0
github.com/danielmiessler/fabric/common/attachment.go:165.2,165.27 1 0
github.com/danielmiessler/fabric/common/attachment.go:168.31,170.2 1 0
github.com/danielmiessler/fabric/common/domain.go:30.131,33.31 2 1
github.com/danielmiessler/fabric/common/domain.go:33.31,34.28 1 1
github.com/danielmiessler/fabric/common/domain.go:34.28,36.12 1 1
github.com/danielmiessler/fabric/common/domain.go:40.3,40.78 1 1
github.com/danielmiessler/fabric/common/domain.go:40.78,43.4 2 0
github.com/danielmiessler/fabric/common/domain.go:44.3,45.21 2 1
github.com/danielmiessler/fabric/common/domain.go:47.2,47.8 1 1
github.com/danielmiessler/fabric/common/groups_items.go:9.55,15.2 1 0
github.com/danielmiessler/fabric/common/groups_items.go:22.37,24.2 1 0
github.com/danielmiessler/fabric/common/groups_items.go:26.80,29.2 2 0
github.com/danielmiessler/fabric/common/groups_items.go:38.74,40.2 1 0
github.com/danielmiessler/fabric/common/groups_items.go:42.108,46.43 3 0
github.com/danielmiessler/fabric/common/groups_items.go:46.43,47.52 1 0
github.com/danielmiessler/fabric/common/groups_items.go:47.52,49.12 2 0
github.com/danielmiessler/fabric/common/groups_items.go:52.3,52.46 1 0
github.com/danielmiessler/fabric/common/groups_items.go:52.46,54.35 2 0
github.com/danielmiessler/fabric/common/groups_items.go:54.35,58.10 4 0
github.com/danielmiessler/fabric/common/groups_items.go:63.2,63.12 1 0
github.com/danielmiessler/fabric/common/groups_items.go:63.12,65.3 1 0
github.com/danielmiessler/fabric/common/groups_items.go:66.2,66.8 1 0
github.com/danielmiessler/fabric/common/groups_items.go:69.42,73.43 3 0
github.com/danielmiessler/fabric/common/groups_items.go:73.43,78.41 4 0
github.com/danielmiessler/fabric/common/groups_items.go:78.41,82.4 2 0
github.com/danielmiessler/fabric/common/groups_items.go:86.68,87.43 1 0
github.com/danielmiessler/fabric/common/groups_items.go:87.43,88.43 1 0
github.com/danielmiessler/fabric/common/groups_items.go:88.43,89.9 1 0
github.com/danielmiessler/fabric/common/groups_items.go:92.2,92.8 1 0
github.com/danielmiessler/fabric/common/groups_items.go:95.77,98.43 2 0
github.com/danielmiessler/fabric/common/groups_items.go:98.43,99.55 1 0
github.com/danielmiessler/fabric/common/groups_items.go:99.55,102.4 2 0
github.com/danielmiessler/fabric/common/groups_items.go:102.6,104.9 2 0
github.com/danielmiessler/fabric/common/groups_items.go:107.2,107.8 1 0
github.com/danielmiessler/fabric/common/groups_items.go:110.77,113.43 2 0
github.com/danielmiessler/fabric/common/groups_items.go:113.43,114.55 1 0
github.com/danielmiessler/fabric/common/groups_items.go:114.55,117.4 2 0
github.com/danielmiessler/fabric/common/groups_items.go:117.6,119.4 1 0
github.com/danielmiessler/fabric/common/groups_items.go:121.2,121.8 1 0
github.com/danielmiessler/fabric/common/groups_items.go:124.37,126.2 1 0
github.com/danielmiessler/fabric/common/groups_items.go:128.85,130.2 1 0
github.com/danielmiessler/fabric/common/utils.go:13.51,14.16 1 0
github.com/danielmiessler/fabric/common/utils.go:14.16,16.3 1 0
github.com/danielmiessler/fabric/common/utils.go:19.2,19.64 1 0
github.com/danielmiessler/fabric/common/utils.go:19.64,21.3 1 0
github.com/danielmiessler/fabric/common/utils.go:24.2,24.34 1 0
github.com/danielmiessler/fabric/common/utils.go:24.34,26.17 2 0
github.com/danielmiessler/fabric/common/utils.go:26.17,28.4 1 0
github.com/danielmiessler/fabric/common/utils.go:29.3,29.39 1 0
github.com/danielmiessler/fabric/common/utils.go:33.2,34.16 2 0
github.com/danielmiessler/fabric/common/utils.go:34.16,36.3 1 0
github.com/danielmiessler/fabric/common/utils.go:39.2,40.16 2 0
github.com/danielmiessler/fabric/common/utils.go:40.16,42.3 1 0
github.com/danielmiessler/fabric/common/utils.go:43.2,43.24 1 0
github.com/danielmiessler/fabric/common/utils.go:43.24,46.3 1 0
github.com/danielmiessler/fabric/common/utils.go:48.2,48.62 1 0
github.com/danielmiessler/fabric/common/utils.go:52.39,54.16 2 0
github.com/danielmiessler/fabric/common/utils.go:54.16,56.3 1 0
github.com/danielmiessler/fabric/common/utils.go:58.2,58.41 1 0
github.com/danielmiessler/fabric/common/utils.go:58.41,60.17 2 0
github.com/danielmiessler/fabric/common/utils.go:60.17,62.4 1 0
github.com/danielmiessler/fabric/common/utils.go:64.3,65.17 2 0
github.com/danielmiessler/fabric/common/utils.go:65.17,67.4 1 0
github.com/danielmiessler/fabric/common/utils.go:69.3,69.26 1 0
github.com/danielmiessler/fabric/common/utils.go:72.2,72.14 1 0
github.com/danielmiessler/fabric/plugins/plugin.go:32.39,34.2 1 0
github.com/danielmiessler/fabric/plugins/plugin.go:36.57,37.41 1 0
github.com/danielmiessler/fabric/plugins/plugin.go:37.41,39.3 1 0
github.com/danielmiessler/fabric/plugins/plugin.go:40.2,40.8 1 0
github.com/danielmiessler/fabric/plugins/plugin.go:43.76,47.2 3 1
github.com/danielmiessler/fabric/plugins/plugin.go:49.88,51.2 1 0
github.com/danielmiessler/fabric/plugins/plugin.go:53.111,56.24 3 0
github.com/danielmiessler/fabric/plugins/plugin.go:56.24,58.3 1 0
github.com/danielmiessler/fabric/plugins/plugin.go:59.2,60.8 2 0
github.com/danielmiessler/fabric/plugins/plugin.go:63.46,64.46 1 1
github.com/danielmiessler/fabric/plugins/plugin.go:64.46,66.3 1 0
github.com/danielmiessler/fabric/plugins/plugin.go:68.2,68.30 1 1
github.com/danielmiessler/fabric/plugins/plugin.go:68.30,70.3 1 0
github.com/danielmiessler/fabric/plugins/plugin.go:71.2,71.8 1 1
github.com/danielmiessler/fabric/plugins/plugin.go:74.42,75.37 1 1
github.com/danielmiessler/fabric/plugins/plugin.go:75.37,77.3 1 0
github.com/danielmiessler/fabric/plugins/plugin.go:79.2,80.8 2 1
github.com/danielmiessler/fabric/plugins/plugin.go:83.48,84.33 1 0
github.com/danielmiessler/fabric/plugins/plugin.go:84.33,86.3 1 0
github.com/danielmiessler/fabric/plugins/plugin.go:87.2,87.8 1 0
github.com/danielmiessler/fabric/plugins/plugin.go:90.80,92.2 1 0
github.com/danielmiessler/fabric/plugins/plugin.go:94.61,99.2 1 1
github.com/danielmiessler/fabric/plugins/plugin.go:107.34,109.2 1 1
github.com/danielmiessler/fabric/plugins/plugin.go:111.44,112.18 1 1
github.com/danielmiessler/fabric/plugins/plugin.go:112.18,114.3 1 0
github.com/danielmiessler/fabric/plugins/plugin.go:115.2,115.8 1 1
github.com/danielmiessler/fabric/plugins/plugin.go:118.36,120.2 1 1
github.com/danielmiessler/fabric/plugins/plugin.go:122.37,124.20 2 1
github.com/danielmiessler/fabric/plugins/plugin.go:124.20,126.3 1 1
github.com/danielmiessler/fabric/plugins/plugin.go:127.2,127.23 1 1
github.com/danielmiessler/fabric/plugins/plugin.go:130.60,131.19 1 1
github.com/danielmiessler/fabric/plugins/plugin.go:131.19,138.3 4 1
github.com/danielmiessler/fabric/plugins/plugin.go:139.2,139.8 1 1
github.com/danielmiessler/fabric/plugins/plugin.go:142.27,144.2 1 1
github.com/danielmiessler/fabric/plugins/plugin.go:146.55,148.2 1 0
github.com/danielmiessler/fabric/plugins/plugin.go:155.55,158.17 2 1
github.com/danielmiessler/fabric/plugins/plugin.go:158.17,160.3 1 1
github.com/danielmiessler/fabric/plugins/plugin.go:160.8,162.3 1 0
github.com/danielmiessler/fabric/plugins/plugin.go:164.2,165.19 2 1
github.com/danielmiessler/fabric/plugins/plugin.go:165.19,168.3 1 0
github.com/danielmiessler/fabric/plugins/plugin.go:168.8,170.3 1 1
github.com/danielmiessler/fabric/plugins/plugin.go:172.2,175.18 4 1
github.com/danielmiessler/fabric/plugins/plugin.go:175.18,177.3 1 0
github.com/danielmiessler/fabric/plugins/plugin.go:177.8,177.51 1 1
github.com/danielmiessler/fabric/plugins/plugin.go:177.51,179.3 1 0
github.com/danielmiessler/fabric/plugins/plugin.go:180.2,181.8 2 1
github.com/danielmiessler/fabric/plugins/plugin.go:184.61,186.25 2 1
github.com/danielmiessler/fabric/plugins/plugin.go:186.25,187.57 1 1
github.com/danielmiessler/fabric/plugins/plugin.go:187.57,189.4 1 0
github.com/danielmiessler/fabric/plugins/plugin.go:191.2,192.8 2 1
github.com/danielmiessler/fabric/plugins/plugin.go:197.45,199.28 2 1
github.com/danielmiessler/fabric/plugins/plugin.go:199.28,200.36 1 1
github.com/danielmiessler/fabric/plugins/plugin.go:200.36,201.9 1 1
github.com/danielmiessler/fabric/plugins/plugin.go:204.2,204.8 1 1
github.com/danielmiessler/fabric/plugins/plugin.go:207.43,208.28 1 1
github.com/danielmiessler/fabric/plugins/plugin.go:208.28,209.44 1 1
github.com/danielmiessler/fabric/plugins/plugin.go:209.44,210.9 1 0
github.com/danielmiessler/fabric/plugins/plugin.go:213.2,213.8 1 1
github.com/danielmiessler/fabric/plugins/plugin.go:216.60,217.28 1 1
github.com/danielmiessler/fabric/plugins/plugin.go:217.28,219.3 1 1
github.com/danielmiessler/fabric/plugins/plugin.go:220.2,220.8 1 1
github.com/danielmiessler/fabric/plugins/plugin.go:225.55,228.29 3 1
github.com/danielmiessler/fabric/plugins/plugin.go:228.29,229.41 1 0
github.com/danielmiessler/fabric/plugins/plugin.go:229.41,230.9 1 0
github.com/danielmiessler/fabric/plugins/plugin.go:233.2,233.8 1 1
github.com/danielmiessler/fabric/plugins/plugin.go:236.55,238.15 2 0
github.com/danielmiessler/fabric/plugins/plugin.go:238.15,240.3 1 0
github.com/danielmiessler/fabric/plugins/plugin.go:241.2,241.8 1 0
github.com/danielmiessler/fabric/plugins/plugin.go:244.43,247.2 2 1
github.com/danielmiessler/fabric/plugins/ai/gemini_openai/gemini.go:7.32,11.2 3 0
github.com/danielmiessler/fabric/plugins/ai/models.go:7.40,9.2 1 1
github.com/danielmiessler/fabric/plugins/ai/vendors.go:11.42,16.2 1 0
github.com/danielmiessler/fabric/plugins/ai/vendors.go:25.56,26.33 1 0
github.com/danielmiessler/fabric/plugins/ai/vendors.go:26.33,29.3 2 0
github.com/danielmiessler/fabric/plugins/ai/vendors.go:32.51,36.2 3 0
github.com/danielmiessler/fabric/plugins/ai/vendors.go:38.80,39.35 1 0
github.com/danielmiessler/fabric/plugins/ai/vendors.go:39.35,41.3 1 0
github.com/danielmiessler/fabric/plugins/ai/vendors.go:44.70,45.21 1 0
github.com/danielmiessler/fabric/plugins/ai/vendors.go:45.21,47.3 1 0
github.com/danielmiessler/fabric/plugins/ai/vendors.go:48.2,49.8 2 0
github.com/danielmiessler/fabric/plugins/ai/vendors.go:52.50,53.35 1 0
github.com/danielmiessler/fabric/plugins/ai/vendors.go:53.35,55.3 1 0
github.com/danielmiessler/fabric/plugins/ai/vendors.go:56.2,56.8 1 0
github.com/danielmiessler/fabric/plugins/ai/vendors.go:59.44,61.2 1 0
github.com/danielmiessler/fabric/plugins/ai/vendors.go:63.57,65.2 1 0
github.com/danielmiessler/fabric/plugins/ai/vendors.go:67.51,68.25 1 0
github.com/danielmiessler/fabric/plugins/ai/vendors.go:68.25,72.3 2 0
github.com/danielmiessler/fabric/plugins/ai/vendors.go:74.2,81.35 6 0
github.com/danielmiessler/fabric/plugins/ai/vendors.go:81.35,84.3 2 0
github.com/danielmiessler/fabric/plugins/ai/vendors.go:87.2,87.12 1 0
github.com/danielmiessler/fabric/plugins/ai/vendors.go:87.12,90.3 2 0
github.com/danielmiessler/fabric/plugins/ai/vendors.go:93.2,93.34 1 0
github.com/danielmiessler/fabric/plugins/ai/vendors.go:93.34,94.24 1 0
github.com/danielmiessler/fabric/plugins/ai/vendors.go:94.24,97.4 2 0
github.com/danielmiessler/fabric/plugins/ai/vendors.go:97.9,99.4 1 0
github.com/danielmiessler/fabric/plugins/ai/vendors.go:101.2,101.8 1 0
github.com/danielmiessler/fabric/plugins/ai/vendors.go:105.90,110.9 3 0
github.com/danielmiessler/fabric/plugins/ai/vendors.go:111.20,113.9 1 0
github.com/danielmiessler/fabric/plugins/ai/vendors.go:114.90,114.90 0 0
github.com/danielmiessler/fabric/plugins/ai/vendors.go:119.69,121.35 2 0
github.com/danielmiessler/fabric/plugins/ai/vendors.go:121.35,124.3 2 0
github.com/danielmiessler/fabric/plugins/ai/vendors.go:125.2,125.8 1 0
github.com/danielmiessler/fabric/plugins/ai/vendors.go:128.106,130.19 2 0
github.com/danielmiessler/fabric/plugins/ai/vendors.go:130.19,133.3 2 0
github.com/danielmiessler/fabric/plugins/ai/vendors.go:134.2,135.8 2 0
github.com/danielmiessler/fabric/plugins/ai/vendors.go:138.92,139.51 1 0
github.com/danielmiessler/fabric/plugins/ai/vendors.go:139.51,142.3 2 0
github.com/danielmiessler/fabric/plugins/ai/vendors.go:142.8,145.3 2 0
github.com/danielmiessler/fabric/plugins/ai/vendors.go:146.2,146.8 1 0
github.com/danielmiessler/fabric/plugins/ai/mistral/mistral.go:7.32,11.2 3 0
github.com/danielmiessler/fabric/plugins/ai/ollama/ollama.go:18.32,32.2 5 0
github.com/danielmiessler/fabric/plugins/ai/ollama/ollama.go:42.42,43.59 1 0
github.com/danielmiessler/fabric/plugins/ai/ollama/ollama.go:43.59,46.3 2 0
github.com/danielmiessler/fabric/plugins/ai/ollama/ollama.go:48.2,49.8 2 0
github.com/danielmiessler/fabric/plugins/ai/ollama/ollama.go:52.57,56.52 3 0
github.com/danielmiessler/fabric/plugins/ai/ollama/ollama.go:56.52,58.3 1 0
github.com/danielmiessler/fabric/plugins/ai/ollama/ollama.go:60.2,60.38 1 0
github.com/danielmiessler/fabric/plugins/ai/ollama/ollama.go:60.38,62.3 1 0
github.com/danielmiessler/fabric/plugins/ai/ollama/ollama.go:63.2,63.8 1 0
github.com/danielmiessler/fabric/plugins/ai/ollama/ollama.go:66.128,69.66 2 0
github.com/danielmiessler/fabric/plugins/ai/ollama/ollama.go:69.66,72.3 2 0
github.com/danielmiessler/fabric/plugins/ai/ollama/ollama.go:74.2,76.58 2 0
github.com/danielmiessler/fabric/plugins/ai/ollama/ollama.go:76.58,78.3 1 0
github.com/danielmiessler/fabric/plugins/ai/ollama/ollama.go:80.2,81.8 2 0
github.com/danielmiessler/fabric/plugins/ai/ollama/ollama.go:84.134,90.66 4 0
github.com/danielmiessler/fabric/plugins/ai/ollama/ollama.go:90.66,93.3 2 0
github.com/danielmiessler/fabric/plugins/ai/ollama/ollama.go:95.2,95.58 1 0
github.com/danielmiessler/fabric/plugins/ai/ollama/ollama.go:95.58,97.3 1 0
github.com/danielmiessler/fabric/plugins/ai/ollama/ollama.go:98.2,98.8 1 0
github.com/danielmiessler/fabric/plugins/ai/ollama/ollama.go:101.130,102.104 1 0
github.com/danielmiessler/fabric/plugins/ai/ollama/ollama.go:102.104,104.3 1 0
github.com/danielmiessler/fabric/plugins/ai/ollama/ollama.go:106.2,113.34 2 0
github.com/danielmiessler/fabric/plugins/ai/ollama/ollama.go:113.34,115.3 1 0
github.com/danielmiessler/fabric/plugins/ai/ollama/ollama.go:117.2,122.8 2 0
github.com/danielmiessler/fabric/cli/cli.go:22.38,24.44 2 0
github.com/danielmiessler/fabric/cli/cli.go:24.44,26.3 1 0
github.com/danielmiessler/fabric/cli/cli.go:28.2,28.26 1 0
github.com/danielmiessler/fabric/cli/cli.go:28.26,31.3 2 0
github.com/danielmiessler/fabric/cli/cli.go:33.2,34.49 2 0
github.com/danielmiessler/fabric/cli/cli.go:34.49,36.3 1 0
github.com/danielmiessler/fabric/cli/cli.go:38.2,40.44 2 0
github.com/danielmiessler/fabric/cli/cli.go:40.44,41.26 1 0
github.com/danielmiessler/fabric/cli/cli.go:41.26,44.4 2 0
github.com/danielmiessler/fabric/cli/cli.go:47.2,48.66 2 0
github.com/danielmiessler/fabric/cli/cli.go:48.66,50.3 1 0
github.com/danielmiessler/fabric/cli/cli.go:53.2,53.24 1 0
github.com/danielmiessler/fabric/cli/cli.go:53.24,56.3 2 0
github.com/danielmiessler/fabric/cli/cli.go:58.2,58.24 1 0
github.com/danielmiessler/fabric/cli/cli.go:58.24,62.3 3 0
github.com/danielmiessler/fabric/cli/cli.go:64.2,64.30 1 0
github.com/danielmiessler/fabric/cli/cli.go:64.30,68.3 3 0
github.com/danielmiessler/fabric/cli/cli.go:70.2,70.33 1 0
github.com/danielmiessler/fabric/cli/cli.go:70.33,73.3 2 0
github.com/danielmiessler/fabric/cli/cli.go:75.2,75.37 1 0
github.com/danielmiessler/fabric/cli/cli.go:75.37,78.3 2 0
github.com/danielmiessler/fabric/cli/cli.go:80.2,80.40 1 0
github.com/danielmiessler/fabric/cli/cli.go:80.40,82.79 2 0
github.com/danielmiessler/fabric/cli/cli.go:82.79,84.4 1 0
github.com/danielmiessler/fabric/cli/cli.go:86.3,86.75 1 0
github.com/danielmiessler/fabric/cli/cli.go:86.75,88.4 1 0
github.com/danielmiessler/fabric/cli/cli.go:89.3,89.9 1 0
github.com/danielmiessler/fabric/cli/cli.go:92.2,92.31 1 0
github.com/danielmiessler/fabric/cli/cli.go:92.31,95.3 2 0
github.com/danielmiessler/fabric/cli/cli.go:97.2,97.32 1 0
github.com/danielmiessler/fabric/cli/cli.go:97.32,99.67 2 0
github.com/danielmiessler/fabric/cli/cli.go:99.67,101.4 1 0
github.com/danielmiessler/fabric/cli/cli.go:102.3,103.9 2 0
github.com/danielmiessler/fabric/cli/cli.go:106.2,106.34 1 0
github.com/danielmiessler/fabric/cli/cli.go:106.34,109.3 2 0
github.com/danielmiessler/fabric/cli/cli.go:111.2,111.34 1 0
github.com/danielmiessler/fabric/cli/cli.go:111.34,114.3 2 0
github.com/danielmiessler/fabric/cli/cli.go:116.2,116.36 1 0
github.com/danielmiessler/fabric/cli/cli.go:116.36,119.3 2 0
github.com/danielmiessler/fabric/cli/cli.go:121.2,121.36 1 0
github.com/danielmiessler/fabric/cli/cli.go:121.36,124.3 2 0
github.com/danielmiessler/fabric/cli/cli.go:126.2,126.37 1 0
github.com/danielmiessler/fabric/cli/cli.go:126.37,129.3 2 0
github.com/danielmiessler/fabric/cli/cli.go:131.2,131.37 1 0
github.com/danielmiessler/fabric/cli/cli.go:131.37,134.3 2 0
github.com/danielmiessler/fabric/cli/cli.go:136.2,136.34 1 0
github.com/danielmiessler/fabric/cli/cli.go:136.34,137.88 1 0
github.com/danielmiessler/fabric/cli/cli.go:137.88,139.4 1 0
github.com/danielmiessler/fabric/cli/cli.go:139.9,141.4 1 0
github.com/danielmiessler/fabric/cli/cli.go:144.2,144.33 1 0
github.com/danielmiessler/fabric/cli/cli.go:144.33,147.3 2 0
github.com/danielmiessler/fabric/cli/cli.go:149.2,149.37 1 0
github.com/danielmiessler/fabric/cli/cli.go:149.37,152.3 2 0
github.com/danielmiessler/fabric/cli/cli.go:154.2,154.40 1 0
github.com/danielmiessler/fabric/cli/cli.go:154.40,157.3 2 0
github.com/danielmiessler/fabric/cli/cli.go:166.2,168.32 2 0
github.com/danielmiessler/fabric/cli/cli.go:168.32,169.47 1 0
github.com/danielmiessler/fabric/cli/cli.go:169.47,172.4 2 0
github.com/danielmiessler/fabric/cli/cli.go:174.3,176.105 3 0
github.com/danielmiessler/fabric/cli/cli.go:176.105,178.4 1 0
github.com/danielmiessler/fabric/cli/cli.go:178.9,178.81 1 0
github.com/danielmiessler/fabric/cli/cli.go:178.81,179.33 1 0
github.com/danielmiessler/fabric/cli/cli.go:179.33,181.5 1 0
github.com/danielmiessler/fabric/cli/cli.go:181.10,183.83 2 0
github.com/danielmiessler/fabric/cli/cli.go:183.83,186.6 2 0
github.com/danielmiessler/fabric/cli/cli.go:188.5,188.34 1 0
github.com/danielmiessler/fabric/cli/cli.go:188.34,190.90 2 0
github.com/danielmiessler/fabric/cli/cli.go:190.90,192.7 1 0
github.com/danielmiessler/fabric/cli/cli.go:194.6,194.39 1 0
github.com/danielmiessler/fabric/cli/cli.go:194.39,195.94 1 0
github.com/danielmiessler/fabric/cli/cli.go:195.94,197.8 1 0
github.com/danielmiessler/fabric/cli/cli.go:198.12,200.7 1 0
github.com/danielmiessler/fabric/cli/cli.go:203.4,203.10 1 0
github.com/danielmiessler/fabric/cli/cli.go:206.3,207.36 2 0
github.com/danielmiessler/fabric/cli/cli.go:207.36,210.4 2 0
github.com/danielmiessler/fabric/cli/cli.go:213.2,213.105 1 0
github.com/danielmiessler/fabric/cli/cli.go:213.105,215.35 1 0
github.com/danielmiessler/fabric/cli/cli.go:215.35,217.82 2 0
github.com/danielmiessler/fabric/cli/cli.go:217.82,219.5 1 0
github.com/danielmiessler/fabric/cli/cli.go:220.4,220.55 1 0
github.com/danielmiessler/fabric/cli/cli.go:224.3,224.40 1 0
github.com/danielmiessler/fabric/cli/cli.go:224.40,226.92 2 0
github.com/danielmiessler/fabric/cli/cli.go:226.92,228.5 1 0
github.com/danielmiessler/fabric/cli/cli.go:230.4,230.55 1 0
github.com/danielmiessler/fabric/cli/cli.go:233.3,233.36 1 0
github.com/danielmiessler/fabric/cli/cli.go:233.36,236.4 2 0
github.com/danielmiessler/fabric/cli/cli.go:239.2,239.24 1 0
github.com/danielmiessler/fabric/cli/cli.go:239.24,241.3 1 0
github.com/danielmiessler/fabric/cli/cli.go:243.2,244.147 2 0
github.com/danielmiessler/fabric/cli/cli.go:244.147,246.3 1 0
github.com/danielmiessler/fabric/cli/cli.go:248.2,250.94 3 0
github.com/danielmiessler/fabric/cli/cli.go:250.94,252.3 1 0
github.com/danielmiessler/fabric/cli/cli.go:254.2,254.28 1 0
github.com/danielmiessler/fabric/cli/cli.go:254.28,256.3 1 0
github.com/danielmiessler/fabric/cli/cli.go:257.2,257.87 1 0
github.com/danielmiessler/fabric/cli/cli.go:257.87,259.3 1 0
github.com/danielmiessler/fabric/cli/cli.go:261.2,263.26 2 0
github.com/danielmiessler/fabric/cli/cli.go:263.26,266.3 1 0
github.com/danielmiessler/fabric/cli/cli.go:269.2,269.23 1 0
github.com/danielmiessler/fabric/cli/cli.go:269.23,270.48 1 0
github.com/danielmiessler/fabric/cli/cli.go:270.48,272.4 1 0
github.com/danielmiessler/fabric/cli/cli.go:276.2,276.31 1 0
github.com/danielmiessler/fabric/cli/cli.go:276.31,277.33 1 0
github.com/danielmiessler/fabric/cli/cli.go:277.33,280.4 2 0
github.com/danielmiessler/fabric/cli/cli.go:280.9,282.4 1 0
github.com/danielmiessler/fabric/cli/cli.go:284.2,284.8 1 0
github.com/danielmiessler/fabric/cli/cli.go:288.91,290.83 1 0
github.com/danielmiessler/fabric/cli/cli.go:290.83,293.76 3 0
github.com/danielmiessler/fabric/cli/cli.go:293.76,294.28 1 0
github.com/danielmiessler/fabric/cli/cli.go:294.28,296.5 1 0
github.com/danielmiessler/fabric/cli/cli.go:296.10,298.5 1 0
github.com/danielmiessler/fabric/cli/cli.go:300.3,300.87 1 0
github.com/danielmiessler/fabric/cli/cli.go:300.87,302.4 1 0
github.com/danielmiessler/fabric/cli/cli.go:303.3,303.47 1 0
github.com/danielmiessler/fabric/cli/cli.go:306.2,306.27 1 0
github.com/danielmiessler/fabric/cli/cli.go:306.27,308.73 2 0
github.com/danielmiessler/fabric/cli/cli.go:308.73,310.4 1 0
github.com/danielmiessler/fabric/cli/cli.go:312.3,314.51 2 0
github.com/danielmiessler/fabric/cli/cli.go:317.2,317.27 1 0
github.com/danielmiessler/fabric/cli/cli.go:317.27,319.73 2 0
github.com/danielmiessler/fabric/cli/cli.go:319.73,321.4 1 0
github.com/danielmiessler/fabric/cli/cli.go:322.3,323.57 2 0
github.com/danielmiessler/fabric/cli/cli.go:326.2,326.8 1 0
github.com/danielmiessler/fabric/cli/cli.go:329.65,331.22 2 0
github.com/danielmiessler/fabric/cli/cli.go:331.22,333.3 1 0
github.com/danielmiessler/fabric/cli/cli.go:334.2,334.8 1 0
github.com/danielmiessler/fabric/cli/flags.go:76.46,77.11 1 1
github.com/danielmiessler/fabric/cli/flags.go:77.11,79.3 1 0
github.com/danielmiessler/fabric/cli/flags.go:83.37,91.36 5 1
github.com/danielmiessler/fabric/cli/flags.go:91.36,92.59 1 1
github.com/danielmiessler/fabric/cli/flags.go:92.59,95.4 1 1
github.com/danielmiessler/fabric/cli/flags.go:99.2,99.35 1 1
github.com/danielmiessler/fabric/cli/flags.go:99.35,100.35 1 1
github.com/danielmiessler/fabric/cli/flags.go:100.35,102.44 2 1
github.com/danielmiessler/fabric/cli/flags.go:102.44,104.5 1 0
github.com/danielmiessler/fabric/cli/flags.go:105.4,105.24 1 1
github.com/danielmiessler/fabric/cli/flags.go:105.24,108.5 2 1
github.com/danielmiessler/fabric/cli/flags.go:113.2,116.44 4 1
github.com/danielmiessler/fabric/cli/flags.go:116.44,118.3 1 0
github.com/danielmiessler/fabric/cli/flags.go:121.2,121.22 1 1
github.com/danielmiessler/fabric/cli/flags.go:121.22,123.17 2 1
github.com/danielmiessler/fabric/cli/flags.go:123.17,125.4 1 1
github.com/danielmiessler/fabric/cli/flags.go:128.3,132.45 4 1
github.com/danielmiessler/fabric/cli/flags.go:132.45,134.55 2 1
github.com/danielmiessler/fabric/cli/flags.go:134.55,135.28 1 1
github.com/danielmiessler/fabric/cli/flags.go:135.28,138.28 3 1
github.com/danielmiessler/fabric/cli/flags.go:138.28,139.47 1 1
github.com/danielmiessler/fabric/cli/flags.go:139.47,140.73 1 0
github.com/danielmiessler/fabric/cli/flags.go:140.73,142.17 2 0
github.com/danielmiessler/fabric/cli/flags.go:144.13,146.8 1 1
github.com/danielmiessler/fabric/cli/flags.go:147.7,147.80 1 1
github.com/danielmiessler/fabric/cli/flags.go:155.2,159.19 3 1
github.com/danielmiessler/fabric/cli/flags.go:159.19,161.3 1 0
github.com/danielmiessler/fabric/cli/flags.go:163.2,163.18 1 1
github.com/danielmiessler/fabric/cli/flags.go:163.18,165.50 2 0
github.com/danielmiessler/fabric/cli/flags.go:165.50,167.4 1 0
github.com/danielmiessler/fabric/cli/flags.go:168.3,168.57 1 0
github.com/danielmiessler/fabric/cli/flags.go:171.2,171.17 1 1
github.com/danielmiessler/fabric/cli/flags.go:174.73,176.42 1 0
github.com/danielmiessler/fabric/cli/flags.go:176.42,178.29 2 0
github.com/danielmiessler/fabric/cli/flags.go:179.20,181.59 1 0
github.com/danielmiessler/fabric/cli/flags.go:181.59,184.5 2 0
github.com/danielmiessler/fabric/cli/flags.go:186.4,186.61 1 0
github.com/danielmiessler/fabric/cli/flags.go:186.61,189.5 2 0
github.com/danielmiessler/fabric/cli/flags.go:190.24,191.59 1 0
github.com/danielmiessler/fabric/cli/flags.go:191.59,194.5 2 0
github.com/danielmiessler/fabric/cli/flags.go:195.21,196.54 1 0
github.com/danielmiessler/fabric/cli/flags.go:196.54,199.5 2 0
github.com/danielmiessler/fabric/cli/flags.go:201.3,201.79 1 0
github.com/danielmiessler/fabric/cli/flags.go:204.2,204.99 1 0
github.com/danielmiessler/fabric/cli/flags.go:207.56,209.16 2 1
github.com/danielmiessler/fabric/cli/flags.go:209.16,211.3 1 0
github.com/danielmiessler/fabric/cli/flags.go:213.2,214.16 2 1
github.com/danielmiessler/fabric/cli/flags.go:214.16,215.25 1 0
github.com/danielmiessler/fabric/cli/flags.go:215.25,217.4 1 0
github.com/danielmiessler/fabric/cli/flags.go:218.3,218.63 1 0
github.com/danielmiessler/fabric/cli/flags.go:222.2,223.53 2 1
github.com/danielmiessler/fabric/cli/flags.go:223.53,225.3 1 1
github.com/danielmiessler/fabric/cli/flags.go:227.2,229.20 2 1
github.com/danielmiessler/fabric/cli/flags.go:233.42,236.6 3 0
github.com/danielmiessler/fabric/cli/flags.go:236.6,238.17 2 0
github.com/danielmiessler/fabric/cli/flags.go:238.17,239.30 1 0
github.com/danielmiessler/fabric/cli/flags.go:239.30,241.10 2 0
github.com/danielmiessler/fabric/cli/flags.go:243.4,243.76 1 0
github.com/danielmiessler/fabric/cli/flags.go:245.3,245.23 1 0
github.com/danielmiessler/fabric/cli/flags.go:247.2,247.25 1 0
github.com/danielmiessler/fabric/cli/flags.go:250.62,261.2 2 1
github.com/danielmiessler/fabric/cli/flags.go:263.84,274.53 3 0
github.com/danielmiessler/fabric/cli/flags.go:274.53,275.22 1 0
github.com/danielmiessler/fabric/cli/flags.go:275.22,280.4 1 0
github.com/danielmiessler/fabric/cli/flags.go:281.8,286.22 2 0
github.com/danielmiessler/fabric/cli/flags.go:286.22,291.4 1 0
github.com/danielmiessler/fabric/cli/flags.go:293.3,293.49 1 0
github.com/danielmiessler/fabric/cli/flags.go:293.49,295.75 2 0
github.com/danielmiessler/fabric/cli/flags.go:295.75,297.5 1 0
github.com/danielmiessler/fabric/cli/flags.go:298.4,299.18 2 0
github.com/danielmiessler/fabric/cli/flags.go:299.18,301.66 2 0
github.com/danielmiessler/fabric/cli/flags.go:301.66,303.6 1 0
github.com/danielmiessler/fabric/cli/flags.go:304.5,305.61 2 0
github.com/danielmiessler/fabric/cli/flags.go:305.61,307.6 1 0
github.com/danielmiessler/fabric/cli/flags.go:308.5,309.19 2 0
github.com/danielmiessler/fabric/cli/flags.go:311.4,316.6 1 0
github.com/danielmiessler/fabric/cli/flags.go:319.2,321.22 2 0
github.com/danielmiessler/fabric/cli/flags.go:321.22,322.69 1 0
github.com/danielmiessler/fabric/cli/flags.go:322.69,324.4 1 0
github.com/danielmiessler/fabric/cli/flags.go:326.2,326.8 1 0
github.com/danielmiessler/fabric/cli/flags.go:329.47,332.2 2 0
github.com/danielmiessler/fabric/cli/flags.go:334.44,337.2 2 0
github.com/danielmiessler/fabric/cli/flags.go:339.57,341.20 2 0
github.com/danielmiessler/fabric/cli/flags.go:341.20,343.3 1 0
github.com/danielmiessler/fabric/cli/flags.go:344.2,344.8 1 0
github.com/danielmiessler/fabric/cli/flags.go:347.68,348.19 1 0
github.com/danielmiessler/fabric/cli/flags.go:348.19,350.3 1 0
github.com/danielmiessler/fabric/cli/flags.go:350.8,352.3 1 0
github.com/danielmiessler/fabric/cli/flags.go:353.2,353.8 1 0
github.com/danielmiessler/fabric/cli/output.go:9.50,10.51 1 0
github.com/danielmiessler/fabric/cli/output.go:10.51,12.3 1 0
github.com/danielmiessler/fabric/cli/output.go:13.2,13.8 1 0
github.com/danielmiessler/fabric/cli/output.go:16.68,18.49 2 1
github.com/danielmiessler/fabric/cli/output.go:18.49,21.3 2 0
github.com/danielmiessler/fabric/cli/output.go:22.2,23.52 2 1
github.com/danielmiessler/fabric/cli/output.go:23.52,25.3 1 0
github.com/danielmiessler/fabric/cli/output.go:25.8,27.3 1 1
github.com/danielmiessler/fabric/cli/output.go:28.2,28.8 1 1
github.com/danielmiessler/fabric/plugins/ai/mistral/mistral.go:7.32,11.2 3 0
github.com/danielmiessler/fabric/plugins/ai/ollama/ollama.go:18.32,32.2 5 0
github.com/danielmiessler/fabric/plugins/ai/ollama/ollama.go:42.42,43.59 1 0
github.com/danielmiessler/fabric/plugins/ai/ollama/ollama.go:43.59,46.3 2 0
github.com/danielmiessler/fabric/plugins/ai/ollama/ollama.go:48.2,49.8 2 0
github.com/danielmiessler/fabric/plugins/ai/ollama/ollama.go:52.57,56.52 3 0
github.com/danielmiessler/fabric/plugins/ai/ollama/ollama.go:56.52,58.3 1 0
github.com/danielmiessler/fabric/plugins/ai/ollama/ollama.go:60.2,60.38 1 0
github.com/danielmiessler/fabric/plugins/ai/ollama/ollama.go:60.38,62.3 1 0
github.com/danielmiessler/fabric/plugins/ai/ollama/ollama.go:63.2,63.8 1 0
github.com/danielmiessler/fabric/plugins/ai/ollama/ollama.go:66.128,69.66 2 0
github.com/danielmiessler/fabric/plugins/ai/ollama/ollama.go:69.66,72.3 2 0
github.com/danielmiessler/fabric/plugins/ai/ollama/ollama.go:74.2,76.58 2 0
github.com/danielmiessler/fabric/plugins/ai/ollama/ollama.go:76.58,78.3 1 0
github.com/danielmiessler/fabric/plugins/ai/ollama/ollama.go:80.2,81.8 2 0
github.com/danielmiessler/fabric/plugins/ai/ollama/ollama.go:84.134,90.66 4 0
github.com/danielmiessler/fabric/plugins/ai/ollama/ollama.go:90.66,93.3 2 0
github.com/danielmiessler/fabric/plugins/ai/ollama/ollama.go:95.2,95.58 1 0
github.com/danielmiessler/fabric/plugins/ai/ollama/ollama.go:95.58,97.3 1 0
github.com/danielmiessler/fabric/plugins/ai/ollama/ollama.go:98.2,98.8 1 0
github.com/danielmiessler/fabric/plugins/ai/ollama/ollama.go:101.130,102.104 1 0
github.com/danielmiessler/fabric/plugins/ai/ollama/ollama.go:102.104,104.3 1 0
github.com/danielmiessler/fabric/plugins/ai/ollama/ollama.go:106.2,113.34 2 0
github.com/danielmiessler/fabric/plugins/ai/ollama/ollama.go:113.34,115.3 1 0
github.com/danielmiessler/fabric/plugins/ai/ollama/ollama.go:117.2,122.8 2 0
github.com/danielmiessler/fabric/plugins/ai/siliconcloud/siliconcloud.go:7.32,11.2 3 0
github.com/danielmiessler/fabric/plugins/tools/defaults.go:13.86,33.2 6 0
github.com/danielmiessler/fabric/plugins/tools/defaults.go:44.40,46.59 2 0
github.com/danielmiessler/fabric/plugins/tools/defaults.go:46.59,48.3 1 0
github.com/danielmiessler/fabric/plugins/tools/defaults.go:50.2,52.37 2 0
github.com/danielmiessler/fabric/plugins/tools/defaults.go:52.37,54.3 1 0
github.com/danielmiessler/fabric/plugins/tools/defaults.go:56.2,57.21 2 0
github.com/danielmiessler/fabric/plugins/tools/defaults.go:57.21,58.104 1 0
github.com/danielmiessler/fabric/plugins/tools/defaults.go:58.104,60.4 1 0
github.com/danielmiessler/fabric/plugins/tools/defaults.go:61.8,63.3 1 0
github.com/danielmiessler/fabric/plugins/tools/defaults.go:66.2,67.27 2 0
github.com/danielmiessler/fabric/plugins/tools/defaults.go:67.27,70.3 2 0
github.com/danielmiessler/fabric/plugins/tools/defaults.go:72.2,76.8 4 0
github.com/danielmiessler/fabric/plugins/tools/patterns_loader.go:24.77,47.2 8 0
github.com/danielmiessler/fabric/plugins/tools/patterns_loader.go:62.50,67.2 3 0
github.com/danielmiessler/fabric/plugins/tools/patterns_loader.go:69.52,71.9 2 0
github.com/danielmiessler/fabric/plugins/tools/patterns_loader.go:71.9,72.62 1 0
github.com/danielmiessler/fabric/plugins/tools/patterns_loader.go:72.62,74.4 1 0
github.com/danielmiessler/fabric/plugins/tools/patterns_loader.go:76.2,76.8 1 0
github.com/danielmiessler/fabric/plugins/tools/patterns_loader.go:79.46,80.44 1 0
github.com/danielmiessler/fabric/plugins/tools/patterns_loader.go:80.44,82.3 1 0
github.com/danielmiessler/fabric/plugins/tools/patterns_loader.go:84.2,84.38 1 0
github.com/danielmiessler/fabric/plugins/tools/patterns_loader.go:84.38,86.3 1 0
github.com/danielmiessler/fabric/plugins/tools/patterns_loader.go:87.2,87.8 1 0
github.com/danielmiessler/fabric/plugins/tools/patterns_loader.go:91.51,94.43 3 0
github.com/danielmiessler/fabric/plugins/tools/patterns_loader.go:94.43,96.3 1 0
github.com/danielmiessler/fabric/plugins/tools/patterns_loader.go:98.2,98.40 1 0
github.com/danielmiessler/fabric/plugins/tools/patterns_loader.go:98.40,100.3 1 0
github.com/danielmiessler/fabric/plugins/tools/patterns_loader.go:101.2,101.8 1 0
github.com/danielmiessler/fabric/plugins/tools/patterns_loader.go:105.56,107.67 2 0
github.com/danielmiessler/fabric/plugins/tools/patterns_loader.go:107.67,109.3 1 0
github.com/danielmiessler/fabric/plugins/tools/patterns_loader.go:111.2,113.66 3 0
github.com/danielmiessler/fabric/plugins/tools/patterns_loader.go:113.66,115.3 1 0
github.com/danielmiessler/fabric/plugins/tools/patterns_loader.go:117.2,117.49 1 0
github.com/danielmiessler/fabric/plugins/tools/patterns_loader.go:117.49,118.42 1 0
github.com/danielmiessler/fabric/plugins/tools/patterns_loader.go:118.42,119.50 1 0
github.com/danielmiessler/fabric/plugins/tools/patterns_loader.go:119.50,120.10 1 0
github.com/danielmiessler/fabric/plugins/tools/patterns_loader.go:122.4,122.122 1 0
github.com/danielmiessler/fabric/plugins/tools/patterns_loader.go:125.2,125.8 1 0
github.com/danielmiessler/fabric/plugins/tools/patterns_loader.go:129.53,130.64 1 0
github.com/danielmiessler/fabric/plugins/tools/patterns_loader.go:130.64,132.3 1 0
github.com/danielmiessler/fabric/plugins/tools/patterns_loader.go:134.2,135.43 2 0
github.com/danielmiessler/fabric/plugins/tools/patterns_loader.go:135.43,137.3 1 0
github.com/danielmiessler/fabric/plugins/tools/patterns_loader.go:139.2,139.62 1 0
github.com/danielmiessler/fabric/plugins/tools/patterns_loader.go:139.62,141.3 1 0
github.com/danielmiessler/fabric/plugins/tools/patterns_loader.go:144.2,147.8 3 0
github.com/danielmiessler/fabric/plugins/tools/patterns_loader.go:150.56,156.17 2 0
github.com/danielmiessler/fabric/plugins/tools/patterns_loader.go:156.17,159.3 2 0
github.com/danielmiessler/fabric/plugins/tools/patterns_loader.go:162.2,163.37 2 0
github.com/danielmiessler/fabric/plugins/tools/patterns_loader.go:163.37,166.3 2 0
github.com/danielmiessler/fabric/plugins/tools/patterns_loader.go:169.2,172.38 2 0
github.com/danielmiessler/fabric/plugins/tools/patterns_loader.go:172.38,174.4 1 0
github.com/danielmiessler/fabric/plugins/tools/patterns_loader.go:175.17,178.3 2 0
github.com/danielmiessler/fabric/plugins/tools/patterns_loader.go:180.2,182.60 2 0
github.com/danielmiessler/fabric/plugins/tools/patterns_loader.go:182.60,185.71 2 0
github.com/danielmiessler/fabric/plugins/tools/patterns_loader.go:185.71,187.48 2 0
github.com/danielmiessler/fabric/plugins/tools/patterns_loader.go:187.48,190.5 2 0
github.com/danielmiessler/fabric/plugins/tools/patterns_loader.go:192.4,192.43 1 0
github.com/danielmiessler/fabric/plugins/tools/patterns_loader.go:192.43,193.63 1 0
github.com/danielmiessler/fabric/plugins/tools/patterns_loader.go:193.63,196.6 2 0
github.com/danielmiessler/fabric/plugins/tools/patterns_loader.go:198.4,198.10 1 0
github.com/danielmiessler/fabric/plugins/tools/patterns_loader.go:199.18,202.4 2 0
github.com/danielmiessler/fabric/plugins/tools/patterns_loader.go:203.3,203.9 1 0
github.com/danielmiessler/fabric/plugins/tools/patterns_loader.go:204.17,207.3 2 0
github.com/danielmiessler/fabric/plugins/tools/patterns_loader.go:210.2,210.42 1 0
github.com/danielmiessler/fabric/plugins/tools/patterns_loader.go:210.42,212.3 1 0
github.com/danielmiessler/fabric/plugins/tools/patterns_loader.go:214.2,214.49 1 0
github.com/danielmiessler/fabric/plugins/tools/patterns_loader.go:214.49,216.3 1 0
github.com/danielmiessler/fabric/plugins/tools/patterns_loader.go:218.2,219.58 2 0
github.com/danielmiessler/fabric/plugins/tools/patterns_loader.go:219.58,222.3 2 0
github.com/danielmiessler/fabric/plugins/tools/patterns_loader.go:224.2,225.43 2 0
github.com/danielmiessler/fabric/plugins/tools/patterns_loader.go:225.43,228.3 2 0
github.com/danielmiessler/fabric/plugins/tools/patterns_loader.go:230.2,230.65 1 0
github.com/danielmiessler/fabric/plugins/tools/patterns_loader.go:230.65,231.54 1 0
github.com/danielmiessler/fabric/plugins/tools/patterns_loader.go:231.54,236.75 2 0
github.com/danielmiessler/fabric/plugins/tools/patterns_loader.go:236.75,239.5 2 0
github.com/danielmiessler/fabric/plugins/tools/patterns_loader.go:242.4,243.52 2 0
github.com/danielmiessler/fabric/plugins/tools/patterns_loader.go:243.52,246.5 2 0
github.com/danielmiessler/fabric/plugins/tools/patterns_loader.go:247.4,248.10 2 0
github.com/danielmiessler/fabric/plugins/tools/patterns_loader.go:251.3,251.9 1 0
github.com/danielmiessler/fabric/plugins/tools/patterns_loader.go:252.17,254.3 1 0
github.com/danielmiessler/fabric/plugins/tools/patterns_loader.go:256.2,256.8 1 0
github.com/danielmiessler/fabric/plugins/tools/patterns_loader.go:259.86,261.45 2 0
github.com/danielmiessler/fabric/plugins/tools/patterns_loader.go:261.45,263.3 1 0
github.com/danielmiessler/fabric/plugins/tools/patterns_loader.go:264.2,268.45 3 0
github.com/danielmiessler/fabric/plugins/tools/patterns_loader.go:268.45,270.3 1 0
github.com/danielmiessler/fabric/plugins/tools/patterns_loader.go:271.2,274.48 2 0
github.com/danielmiessler/fabric/plugins/tools/patterns_loader.go:274.48,276.3 1 0
github.com/danielmiessler/fabric/plugins/tools/patterns_loader.go:277.2,277.8 1 0
github.com/danielmiessler/fabric/plugins/tools/patterns_loader.go:280.85,282.33 2 0
github.com/danielmiessler/fabric/plugins/tools/patterns_loader.go:282.33,283.81 1 0
github.com/danielmiessler/fabric/plugins/tools/patterns_loader.go:283.81,287.4 3 0
github.com/danielmiessler/fabric/plugins/tools/patterns_loader.go:290.2,291.33 2 0
github.com/danielmiessler/fabric/plugins/tools/patterns_loader.go:291.33,294.48 3 0
github.com/danielmiessler/fabric/plugins/tools/patterns_loader.go:294.48,297.4 2 0
github.com/danielmiessler/fabric/plugins/tools/patterns_loader.go:300.2,302.8 3 0
github.com/danielmiessler/fabric/plugins/tools/jina/jina.go:18.32,33.2 4 0
github.com/danielmiessler/fabric/plugins/tools/jina/jina.go:36.65,38.2 1 0
github.com/danielmiessler/fabric/plugins/tools/jina/jina.go:40.75,42.2 1 0
github.com/danielmiessler/fabric/plugins/tools/jina/jina.go:44.70,46.68 2 0
github.com/danielmiessler/fabric/plugins/tools/jina/jina.go:46.68,49.3 2 0
github.com/danielmiessler/fabric/plugins/tools/jina/jina.go:52.2,52.27 1 0
github.com/danielmiessler/fabric/plugins/tools/jina/jina.go:52.27,54.3 1 0
github.com/danielmiessler/fabric/plugins/tools/jina/jina.go:56.2,58.44 3 0
github.com/danielmiessler/fabric/plugins/tools/jina/jina.go:58.44,61.3 2 0
github.com/danielmiessler/fabric/plugins/tools/jina/jina.go:62.2,65.51 3 0
github.com/danielmiessler/fabric/plugins/tools/jina/jina.go:65.51,68.3 2 0
github.com/danielmiessler/fabric/plugins/tools/jina/jina.go:69.2,70.8 2 0
github.com/danielmiessler/fabric/plugins/tools/lang/language.go:8.36,24.2 5 0
github.com/danielmiessler/fabric/plugins/tools/lang/language.go:31.38,32.35 1 0
github.com/danielmiessler/fabric/plugins/tools/lang/language.go:32.35,34.17 2 0
github.com/danielmiessler/fabric/plugins/tools/lang/language.go:34.17,36.4 1 0
github.com/danielmiessler/fabric/plugins/tools/lang/language.go:36.9,38.4 1 0
github.com/danielmiessler/fabric/plugins/tools/lang/language.go:41.2,41.12 1 0
github.com/danielmiessler/fabric/plugins/tools/youtube/youtube.go:23.34,37.2 5 0
github.com/danielmiessler/fabric/plugins/tools/youtube/youtube.go:47.45,48.22 1 0
github.com/danielmiessler/fabric/plugins/tools/youtube/youtube.go:48.22,52.3 3 0
github.com/danielmiessler/fabric/plugins/tools/youtube/youtube.go:53.2,53.8 1 0
github.com/danielmiessler/fabric/plugins/tools/youtube/youtube.go:56.99,57.39 1 0
github.com/danielmiessler/fabric/plugins/tools/youtube/youtube.go:57.39,59.3 1 0
github.com/danielmiessler/fabric/plugins/tools/youtube/youtube.go:62.2,65.25 4 0
github.com/danielmiessler/fabric/plugins/tools/youtube/youtube.go:65.25,67.3 1 0
github.com/danielmiessler/fabric/plugins/tools/youtube/youtube.go:70.2,73.28 4 0
github.com/danielmiessler/fabric/plugins/tools/youtube/youtube.go:73.28,75.3 1 0
github.com/danielmiessler/fabric/plugins/tools/youtube/youtube.go:77.2,77.39 1 0
github.com/danielmiessler/fabric/plugins/tools/youtube/youtube.go:77.39,79.3 1 0
github.com/danielmiessler/fabric/plugins/tools/youtube/youtube.go:80.2,80.8 1 0
github.com/danielmiessler/fabric/plugins/tools/youtube/youtube.go:83.93,86.72 3 0
github.com/danielmiessler/fabric/plugins/tools/youtube/youtube.go:86.72,88.3 1 0
github.com/danielmiessler/fabric/plugins/tools/youtube/youtube.go:88.8,88.46 1 0
github.com/danielmiessler/fabric/plugins/tools/youtube/youtube.go:88.46,91.3 2 0
github.com/danielmiessler/fabric/plugins/tools/youtube/youtube.go:93.2,93.44 1 0
github.com/danielmiessler/fabric/plugins/tools/youtube/youtube.go:96.91,98.75 2 0
github.com/danielmiessler/fabric/plugins/tools/youtube/youtube.go:98.75,101.3 2 0
github.com/danielmiessler/fabric/plugins/tools/youtube/youtube.go:104.2,108.35 4 0
github.com/danielmiessler/fabric/plugins/tools/youtube/youtube.go:108.35,112.3 3 0
github.com/danielmiessler/fabric/plugins/tools/youtube/youtube.go:113.2,113.8 1 0
github.com/danielmiessler/fabric/plugins/tools/youtube/youtube.go:116.95,117.39 1 0
github.com/danielmiessler/fabric/plugins/tools/youtube/youtube.go:117.39,119.3 1 0
github.com/danielmiessler/fabric/plugins/tools/youtube/youtube.go:121.2,123.48 3 0
github.com/danielmiessler/fabric/plugins/tools/youtube/youtube.go:123.48,125.3 1 0
github.com/danielmiessler/fabric/plugins/tools/youtube/youtube.go:127.2,129.39 3 0
github.com/danielmiessler/fabric/plugins/tools/youtube/youtube.go:129.39,130.58 1 0
github.com/danielmiessler/fabric/plugins/tools/youtube/youtube.go:130.58,133.22 3 0
github.com/danielmiessler/fabric/plugins/tools/youtube/youtube.go:133.22,138.75 2 0
github.com/danielmiessler/fabric/plugins/tools/youtube/youtube.go:138.75,140.6 1 0
github.com/danielmiessler/fabric/plugins/tools/youtube/youtube.go:142.5,142.31 1 0
github.com/danielmiessler/fabric/plugins/tools/youtube/youtube.go:142.31,144.49 2 0
github.com/danielmiessler/fabric/plugins/tools/youtube/youtube.go:144.49,146.23 2 0
github.com/danielmiessler/fabric/plugins/tools/youtube/youtube.go:146.23,148.8 1 0
github.com/danielmiessler/fabric/plugins/tools/youtube/youtube.go:149.7,150.49 2 0
github.com/danielmiessler/fabric/plugins/tools/youtube/youtube.go:150.49,152.8 1 0
github.com/danielmiessler/fabric/plugins/tools/youtube/youtube.go:154.6,155.12 2 0
github.com/danielmiessler/fabric/plugins/tools/youtube/youtube.go:160.2,161.8 2 0
github.com/danielmiessler/fabric/plugins/tools/youtube/youtube.go:164.74,165.39 1 0
github.com/danielmiessler/fabric/plugins/tools/youtube/youtube.go:165.39,167.3 1 0
github.com/danielmiessler/fabric/plugins/tools/youtube/youtube.go:169.2,171.43 3 0
github.com/danielmiessler/fabric/plugins/tools/youtube/youtube.go:171.43,174.3 2 0
github.com/danielmiessler/fabric/plugins/tools/youtube/youtube.go:176.2,176.38 1 0
github.com/danielmiessler/fabric/plugins/tools/youtube/youtube.go:176.38,180.26 3 0
github.com/danielmiessler/fabric/plugins/tools/youtube/youtube.go:180.26,181.48 1 0
github.com/danielmiessler/fabric/plugins/tools/youtube/youtube.go:181.48,184.5 2 0
github.com/danielmiessler/fabric/plugins/tools/youtube/youtube.go:187.2,187.8 1 0
github.com/danielmiessler/fabric/plugins/tools/youtube/youtube.go:190.71,191.39 1 0
github.com/danielmiessler/fabric/plugins/tools/youtube/youtube.go:191.39,193.3 1 0
github.com/danielmiessler/fabric/plugins/tools/youtube/youtube.go:195.2,197.72 3 0
github.com/danielmiessler/fabric/plugins/tools/youtube/youtube.go:197.72,199.3 1 0
github.com/danielmiessler/fabric/plugins/tools/youtube/youtube.go:199.8,199.46 1 0
github.com/danielmiessler/fabric/plugins/tools/youtube/youtube.go:199.46,202.3 2 0
github.com/danielmiessler/fabric/plugins/tools/youtube/youtube.go:203.2,203.32 1 0
github.com/danielmiessler/fabric/plugins/tools/youtube/youtube.go:206.69,208.105 2 0
github.com/danielmiessler/fabric/plugins/tools/youtube/youtube.go:208.105,211.3 2 0
github.com/danielmiessler/fabric/plugins/tools/youtube/youtube.go:213.2,216.23 3 0
github.com/danielmiessler/fabric/plugins/tools/youtube/youtube.go:216.23,218.3 1 0
github.com/danielmiessler/fabric/plugins/tools/youtube/youtube.go:220.2,226.8 5 0
github.com/danielmiessler/fabric/plugins/tools/youtube/youtube.go:229.82,232.72 3 0
github.com/danielmiessler/fabric/plugins/tools/youtube/youtube.go:232.72,234.3 1 0
github.com/danielmiessler/fabric/plugins/tools/youtube/youtube.go:234.8,234.46 1 0
github.com/danielmiessler/fabric/plugins/tools/youtube/youtube.go:234.46,237.3 2 0
github.com/danielmiessler/fabric/plugins/tools/youtube/youtube.go:239.2,241.22 2 0
github.com/danielmiessler/fabric/plugins/tools/youtube/youtube.go:241.22,242.62 1 0
github.com/danielmiessler/fabric/plugins/tools/youtube/youtube.go:242.62,245.4 2 0
github.com/danielmiessler/fabric/plugins/tools/youtube/youtube.go:248.2,248.22 1 0
github.com/danielmiessler/fabric/plugins/tools/youtube/youtube.go:248.22,249.62 1 0
github.com/danielmiessler/fabric/plugins/tools/youtube/youtube.go:249.62,252.4 2 0
github.com/danielmiessler/fabric/plugins/tools/youtube/youtube.go:256.2,256.22 1 0
github.com/danielmiessler/fabric/plugins/tools/youtube/youtube.go:256.22,257.62 1 0
github.com/danielmiessler/fabric/plugins/tools/youtube/youtube.go:257.62,260.4 2 0
github.com/danielmiessler/fabric/plugins/tools/youtube/youtube.go:263.2,263.24 1 0
github.com/danielmiessler/fabric/plugins/tools/youtube/youtube.go:263.24,264.72 1 0
github.com/danielmiessler/fabric/plugins/tools/youtube/youtube.go:264.72,266.4 1 0
github.com/danielmiessler/fabric/plugins/tools/youtube/youtube.go:268.2,268.8 1 0
github.com/danielmiessler/fabric/plugins/tools/youtube/youtube.go:272.88,273.39 1 0
github.com/danielmiessler/fabric/plugins/tools/youtube/youtube.go:273.39,275.3 1 0
github.com/danielmiessler/fabric/plugins/tools/youtube/youtube.go:277.2,278.6 2 0
github.com/danielmiessler/fabric/plugins/tools/youtube/youtube.go:278.6,280.26 2 0
github.com/danielmiessler/fabric/plugins/tools/youtube/youtube.go:280.26,282.4 1 0
github.com/danielmiessler/fabric/plugins/tools/youtube/youtube.go:284.3,285.44 2 0
github.com/danielmiessler/fabric/plugins/tools/youtube/youtube.go:285.44,287.4 1 0
github.com/danielmiessler/fabric/plugins/tools/youtube/youtube.go:289.3,289.39 1 0
github.com/danielmiessler/fabric/plugins/tools/youtube/youtube.go:289.39,293.4 3 0
github.com/danielmiessler/fabric/plugins/tools/youtube/youtube.go:295.3,296.26 2 0
github.com/danielmiessler/fabric/plugins/tools/youtube/youtube.go:296.26,297.9 1 0
github.com/danielmiessler/fabric/plugins/tools/youtube/youtube.go:300.3,300.30 1 0
github.com/danielmiessler/fabric/plugins/tools/youtube/youtube.go:302.2,302.8 1 0
github.com/danielmiessler/fabric/plugins/tools/youtube/youtube.go:306.85,308.49 2 0
github.com/danielmiessler/fabric/plugins/tools/youtube/youtube.go:308.49,310.3 1 0
github.com/danielmiessler/fabric/plugins/tools/youtube/youtube.go:311.2,317.66 4 0
github.com/danielmiessler/fabric/plugins/tools/youtube/youtube.go:317.66,319.3 1 0
github.com/danielmiessler/fabric/plugins/tools/youtube/youtube.go:322.2,322.32 1 0
github.com/danielmiessler/fabric/plugins/tools/youtube/youtube.go:322.32,323.72 1 0
github.com/danielmiessler/fabric/plugins/tools/youtube/youtube.go:323.72,325.4 1 0
github.com/danielmiessler/fabric/plugins/tools/youtube/youtube.go:328.2,328.8 1 0
github.com/danielmiessler/fabric/plugins/tools/youtube/youtube.go:332.81,334.65 2 0
github.com/danielmiessler/fabric/plugins/tools/youtube/youtube.go:334.65,337.3 2 0
github.com/danielmiessler/fabric/plugins/tools/youtube/youtube.go:339.2,339.59 1 0
github.com/danielmiessler/fabric/plugins/tools/youtube/youtube.go:339.59,342.3 2 0
github.com/danielmiessler/fabric/plugins/tools/youtube/youtube.go:344.2,345.8 2 0
github.com/danielmiessler/fabric/plugins/tools/youtube/youtube.go:348.72,350.65 2 0
github.com/danielmiessler/fabric/plugins/tools/youtube/youtube.go:350.65,353.3 2 0
github.com/danielmiessler/fabric/plugins/tools/youtube/youtube.go:355.2,357.31 3 0
github.com/danielmiessler/fabric/plugins/tools/youtube/youtube.go:357.31,359.3 1 0
github.com/danielmiessler/fabric/plugins/tools/youtube/youtube.go:360.2,360.8 1 0
github.com/danielmiessler/fabric/plugins/tools/youtube/youtube.go:363.57,366.2 1 0
github.com/danielmiessler/fabric/plugins/tools/youtube/youtube.go:402.85,403.39 1 0
github.com/danielmiessler/fabric/plugins/tools/youtube/youtube.go:403.39,405.3 1 0
github.com/danielmiessler/fabric/plugins/tools/youtube/youtube.go:407.2,409.43 3 0
github.com/danielmiessler/fabric/plugins/tools/youtube/youtube.go:409.43,411.3 1 0
github.com/danielmiessler/fabric/plugins/tools/youtube/youtube.go:413.2,413.30 1 0
github.com/danielmiessler/fabric/plugins/tools/youtube/youtube.go:413.30,415.3 1 0
github.com/danielmiessler/fabric/plugins/tools/youtube/youtube.go:417.2,433.8 5 0
github.com/danielmiessler/fabric/plugins/tools/youtube/youtube.go:436.61,445.22 8 0
github.com/danielmiessler/fabric/plugins/tools/youtube/youtube.go:445.22,447.3 1 0
github.com/danielmiessler/fabric/plugins/tools/youtube/youtube.go:449.2,451.8 3 0
github.com/danielmiessler/fabric/restapi/chat.go:42.93,51.2 3 0
github.com/danielmiessler/fabric/restapi/chat.go:53.50,56.45 2 0
github.com/danielmiessler/fabric/restapi/chat.go:56.45,60.3 3 0
github.com/danielmiessler/fabric/restapi/chat.go:62.2,73.41 8 0
github.com/danielmiessler/fabric/restapi/chat.go:73.41,74.10 1 0
github.com/danielmiessler/fabric/restapi/chat.go:75.21,77.10 2 0
github.com/danielmiessler/fabric/restapi/chat.go:78.11,86.29 3 0
github.com/danielmiessler/fabric/restapi/chat.go:86.29,90.19 3 0
github.com/danielmiessler/fabric/restapi/chat.go:90.19,94.6 3 0
github.com/danielmiessler/fabric/restapi/chat.go:96.5,114.19 4 0
github.com/danielmiessler/fabric/restapi/chat.go:114.19,118.6 3 0
github.com/danielmiessler/fabric/restapi/chat.go:120.5,120.23 1 0
github.com/danielmiessler/fabric/restapi/chat.go:120.23,124.6 3 0
github.com/danielmiessler/fabric/restapi/chat.go:127.5,128.23 2 0
github.com/danielmiessler/fabric/restapi/chat.go:128.23,130.6 1 0
github.com/danielmiessler/fabric/restapi/chat.go:130.11,133.6 2 0
github.com/danielmiessler/fabric/restapi/chat.go:137.4,137.36 1 0
github.com/danielmiessler/fabric/restapi/chat.go:137.36,138.12 1 0
github.com/danielmiessler/fabric/restapi/chat.go:139.23,140.12 1 0
github.com/danielmiessler/fabric/restapi/chat.go:141.13,142.46 1 0
github.com/danielmiessler/fabric/restapi/chat.go:142.46,148.66 2 0
github.com/danielmiessler/fabric/restapi/chat.go:148.66,151.8 2 0
github.com/danielmiessler/fabric/restapi/chat.go:152.12,158.66 2 0
github.com/danielmiessler/fabric/restapi/chat.go:158.66,161.8 2 0
github.com/danielmiessler/fabric/restapi/chat.go:167.4,172.71 2 0
github.com/danielmiessler/fabric/restapi/chat.go:172.71,175.5 2 0
github.com/danielmiessler/fabric/restapi/chat.go:180.76,182.16 2 0
github.com/danielmiessler/fabric/restapi/chat.go:182.16,184.3 1 0
github.com/danielmiessler/fabric/restapi/chat.go:186.2,186.72 1 0
github.com/danielmiessler/fabric/restapi/chat.go:186.72,188.3 1 0
github.com/danielmiessler/fabric/restapi/chat.go:190.2,191.12 2 0
github.com/danielmiessler/fabric/restapi/chat.go:194.42,200.46 1 0
github.com/danielmiessler/fabric/restapi/chat.go:200.46,202.3 1 0
github.com/danielmiessler/fabric/restapi/chat.go:203.2,207.34 1 0
github.com/danielmiessler/fabric/restapi/chat.go:207.34,209.3 1 0
github.com/danielmiessler/fabric/restapi/chat.go:210.2,210.16 1 0
github.com/danielmiessler/fabric/restapi/configuration.go:19.66,29.2 4 0
github.com/danielmiessler/fabric/restapi/configuration.go:31.51,32.17 1 0
github.com/danielmiessler/fabric/restapi/configuration.go:32.17,35.3 2 0
github.com/danielmiessler/fabric/restapi/configuration.go:37.2,37.29 1 0
github.com/danielmiessler/fabric/restapi/configuration.go:37.29,50.3 2 0
github.com/danielmiessler/fabric/restapi/configuration.go:52.2,53.16 2 0
github.com/danielmiessler/fabric/restapi/configuration.go:53.16,56.3 2 0
github.com/danielmiessler/fabric/restapi/configuration.go:58.2,70.31 2 0
github.com/danielmiessler/fabric/restapi/configuration.go:73.54,74.17 1 0
github.com/danielmiessler/fabric/restapi/configuration.go:74.17,77.3 2 0
github.com/danielmiessler/fabric/restapi/configuration.go:79.2,91.44 2 0
github.com/danielmiessler/fabric/restapi/configuration.go:91.44,94.3 2 0
github.com/danielmiessler/fabric/restapi/configuration.go:96.2,109.34 3 0
github.com/danielmiessler/fabric/restapi/configuration.go:109.34,110.18 1 0
github.com/danielmiessler/fabric/restapi/configuration.go:110.18,113.4 2 0
github.com/danielmiessler/fabric/restapi/configuration.go:117.2,117.58 1 0
github.com/danielmiessler/fabric/restapi/configuration.go:117.58,120.3 2 0
github.com/danielmiessler/fabric/restapi/configuration.go:122.2,122.43 1 0
github.com/danielmiessler/fabric/restapi/configuration.go:122.43,125.3 2 0
github.com/danielmiessler/fabric/restapi/configuration.go:127.2,127.79 1 0
github.com/danielmiessler/fabric/restapi/contexts.go:15.94,19.2 2 0
github.com/danielmiessler/fabric/restapi/models.go:12.72,18.2 2 0
github.com/danielmiessler/fabric/restapi/models.go:20.55,22.16 2 0
github.com/danielmiessler/fabric/restapi/models.go:22.16,25.3 2 0
github.com/danielmiessler/fabric/restapi/models.go:27.2,30.55 3 0
github.com/danielmiessler/fabric/restapi/models.go:30.55,32.3 1 0
github.com/danielmiessler/fabric/restapi/models.go:34.2,36.23 3 0
github.com/danielmiessler/fabric/restapi/models.go:39.84,41.55 2 0
github.com/danielmiessler/fabric/restapi/models.go:41.55,43.3 1 0
github.com/danielmiessler/fabric/restapi/models.go:44.2,44.22 1 0
github.com/danielmiessler/fabric/restapi/ollama.go:80.93,103.45 13 0
github.com/danielmiessler/fabric/restapi/ollama.go:103.45,106.3 2 0
github.com/danielmiessler/fabric/restapi/ollama.go:107.2,111.16 3 0
github.com/danielmiessler/fabric/restapi/ollama.go:111.16,113.3 1 0
github.com/danielmiessler/fabric/restapi/ollama.go:115.2,115.8 1 0
github.com/danielmiessler/fabric/restapi/ollama.go:118.48,120.16 2 0
github.com/danielmiessler/fabric/restapi/ollama.go:120.16,123.3 2 0
github.com/danielmiessler/fabric/restapi/ollama.go:124.2,125.35 2 0
github.com/danielmiessler/fabric/restapi/ollama.go:125.35,143.3 3 0
github.com/danielmiessler/fabric/restapi/ollama.go:145.2,145.23 1 0
github.com/danielmiessler/fabric/restapi/ollama.go:149.48,151.16 2 0
github.com/danielmiessler/fabric/restapi/ollama.go:151.16,155.3 3 0
github.com/danielmiessler/fabric/restapi/ollama.go:156.2,158.16 3 0
github.com/danielmiessler/fabric/restapi/ollama.go:158.16,162.3 3 0
github.com/danielmiessler/fabric/restapi/ollama.go:163.2,166.31 3 0
github.com/danielmiessler/fabric/restapi/ollama.go:166.31,174.3 1 0
github.com/danielmiessler/fabric/restapi/ollama.go:174.8,174.37 1 0
github.com/danielmiessler/fabric/restapi/ollama.go:174.37,176.39 2 0
github.com/danielmiessler/fabric/restapi/ollama.go:176.39,178.4 1 0
github.com/danielmiessler/fabric/restapi/ollama.go:179.3,185.5 1 0
github.com/danielmiessler/fabric/restapi/ollama.go:187.2,188.16 2 0
github.com/danielmiessler/fabric/restapi/ollama.go:188.16,192.3 3 0
github.com/danielmiessler/fabric/restapi/ollama.go:193.2,195.39 3 0
github.com/danielmiessler/fabric/restapi/ollama.go:195.39,197.3 1 0
github.com/danielmiessler/fabric/restapi/ollama.go:197.8,199.3 1 0
github.com/danielmiessler/fabric/restapi/ollama.go:200.2,200.16 1 0
github.com/danielmiessler/fabric/restapi/ollama.go:200.16,202.3 1 0
github.com/danielmiessler/fabric/restapi/ollama.go:204.2,207.16 3 0
github.com/danielmiessler/fabric/restapi/ollama.go:207.16,211.3 3 0
github.com/danielmiessler/fabric/restapi/ollama.go:212.2,213.16 2 0
github.com/danielmiessler/fabric/restapi/ollama.go:213.16,217.3 3 0
github.com/danielmiessler/fabric/restapi/ollama.go:218.2,222.16 5 0
github.com/danielmiessler/fabric/restapi/ollama.go:222.16,226.3 3 0
github.com/danielmiessler/fabric/restapi/ollama.go:227.2,227.66 1 0
github.com/danielmiessler/fabric/restapi/ollama.go:227.66,241.3 2 0
github.com/danielmiessler/fabric/restapi/ollama.go:242.2,257.46 15 0
github.com/danielmiessler/fabric/restapi/ollama.go:257.46,259.17 2 0
github.com/danielmiessler/fabric/restapi/ollama.go:259.17,263.4 3 0
github.com/danielmiessler/fabric/restapi/ollama.go:264.3,264.37 1 0
github.com/danielmiessler/fabric/restapi/ollama.go:264.37,266.4 1 0
github.com/danielmiessler/fabric/restapi/ollama.go:267.3,267.42 1 0
github.com/danielmiessler/fabric/restapi/ollama.go:267.42,269.4 1 0
github.com/danielmiessler/fabric/restapi/ollama.go:271.2,274.8 2 0
github.com/danielmiessler/fabric/restapi/patterns.go:17.94,24.2 2 0
github.com/danielmiessler/fabric/restapi/patterns.go:27.47,32.16 5 0
github.com/danielmiessler/fabric/restapi/patterns.go:32.16,35.3 2 0
github.com/danielmiessler/fabric/restapi/patterns.go:36.2,36.32 1 0
github.com/danielmiessler/fabric/restapi/serve.go:8.71,26.16 12 0
github.com/danielmiessler/fabric/restapi/serve.go:26.16,28.3 1 0
github.com/danielmiessler/fabric/restapi/serve.go:30.2,30.8 1 0
github.com/danielmiessler/fabric/restapi/sessions.go:15.94,19.2 2 0
github.com/danielmiessler/fabric/restapi/storage.go:17.113,26.2 8 0
github.com/danielmiessler/fabric/restapi/storage.go:29.49,32.16 3 0
github.com/danielmiessler/fabric/restapi/storage.go:32.16,35.3 2 0
github.com/danielmiessler/fabric/restapi/storage.go:36.2,36.29 1 0
github.com/danielmiessler/fabric/restapi/storage.go:40.54,42.16 2 0
github.com/danielmiessler/fabric/restapi/storage.go:42.16,45.3 2 0
github.com/danielmiessler/fabric/restapi/storage.go:46.2,46.30 1 0
github.com/danielmiessler/fabric/restapi/storage.go:50.52,53.16 3 0
github.com/danielmiessler/fabric/restapi/storage.go:53.16,56.3 2 0
github.com/danielmiessler/fabric/restapi/storage.go:57.2,57.25 1 0
github.com/danielmiessler/fabric/restapi/storage.go:61.52,65.2 3 0
github.com/danielmiessler/fabric/restapi/storage.go:68.52,72.16 4 0
github.com/danielmiessler/fabric/restapi/storage.go:72.16,75.3 2 0
github.com/danielmiessler/fabric/restapi/storage.go:76.2,76.25 1 0
github.com/danielmiessler/fabric/restapi/storage.go:80.50,88.16 5 0
github.com/danielmiessler/fabric/restapi/storage.go:88.16,91.3 2 0
github.com/danielmiessler/fabric/restapi/storage.go:94.2,95.16 2 0
github.com/danielmiessler/fabric/restapi/storage.go:95.16,98.3 2 0
github.com/danielmiessler/fabric/restapi/storage.go:99.2,99.25 1 0
github.com/danielmiessler/fabric/plugins/ai/azure/azure.go:10.32,17.2 4 1
github.com/danielmiessler/fabric/plugins/ai/azure/azure.go:26.43,30.2 3 1
github.com/danielmiessler/fabric/plugins/ai/azure/azure.go:32.58,35.2 2 1
github.com/danielmiessler/fabric/plugins/ai/siliconcloud/siliconcloud.go:7.32,11.2 3 0
github.com/danielmiessler/fabric/plugins/ai/deepseek/deepseek.go:7.32,11.2 3 1
github.com/danielmiessler/fabric/core/chatter.go:29.114,30.66 1 0
github.com/danielmiessler/fabric/core/chatter.go:30.66,32.3 1 0
github.com/danielmiessler/fabric/core/chatter.go:34.2,35.30 2 0
github.com/danielmiessler/fabric/core/chatter.go:35.30,36.25 1 0
github.com/danielmiessler/fabric/core/chatter.go:36.25,38.4 1 0
github.com/danielmiessler/fabric/core/chatter.go:39.3,40.9 2 0
github.com/danielmiessler/fabric/core/chatter.go:43.2,43.22 1 0
github.com/danielmiessler/fabric/core/chatter.go:43.22,45.3 1 0
github.com/danielmiessler/fabric/core/chatter.go:47.2,47.34 1 0
github.com/danielmiessler/fabric/core/chatter.go:47.34,49.3 1 0
github.com/danielmiessler/fabric/core/chatter.go:51.2,53.14 2 0
github.com/danielmiessler/fabric/core/chatter.go:53.14,55.13 2 0
github.com/danielmiessler/fabric/core/chatter.go:55.13,56.102 1 0
github.com/danielmiessler/fabric/core/chatter.go:56.102,58.5 1 0
github.com/danielmiessler/fabric/core/chatter.go:61.3,61.33 1 0
github.com/danielmiessler/fabric/core/chatter.go:61.33,64.4 2 0
github.com/danielmiessler/fabric/core/chatter.go:65.8,66.104 1 0
github.com/danielmiessler/fabric/core/chatter.go:66.104,68.4 1 0
github.com/danielmiessler/fabric/core/chatter.go:71.2,71.19 1 0
github.com/danielmiessler/fabric/core/chatter.go:71.19,75.3 3 0
github.com/danielmiessler/fabric/core/chatter.go:77.2,79.24 2 0
github.com/danielmiessler/fabric/core/chatter.go:79.24,81.3 1 0
github.com/danielmiessler/fabric/core/chatter.go:82.2,82.8 1 0
github.com/danielmiessler/fabric/core/chatter.go:85.106,87.31 1 0
github.com/danielmiessler/fabric/core/chatter.go:87.31,89.69 2 0
github.com/danielmiessler/fabric/core/chatter.go:89.69,92.4 2 0
github.com/danielmiessler/fabric/core/chatter.go:93.3,93.17 1 0
github.com/danielmiessler/fabric/core/chatter.go:94.8,96.3 1 0
github.com/danielmiessler/fabric/core/chatter.go:98.2,98.24 1 0
github.com/danielmiessler/fabric/core/chatter.go:98.24,100.3 1 0
github.com/danielmiessler/fabric/core/chatter.go:103.2,104.31 2 0
github.com/danielmiessler/fabric/core/chatter.go:104.31,106.68 2 0
github.com/danielmiessler/fabric/core/chatter.go:106.68,109.4 2 0
github.com/danielmiessler/fabric/core/chatter.go:110.3,110.31 1 0
github.com/danielmiessler/fabric/core/chatter.go:116.2,116.28 1 0
github.com/danielmiessler/fabric/core/chatter.go:116.28,121.3 1 0
github.com/danielmiessler/fabric/core/chatter.go:124.2,124.26 1 0
github.com/danielmiessler/fabric/core/chatter.go:124.26,126.17 2 0
github.com/danielmiessler/fabric/core/chatter.go:126.17,128.4 1 0
github.com/danielmiessler/fabric/core/chatter.go:131.2,132.31 2 0
github.com/danielmiessler/fabric/core/chatter.go:132.31,136.17 2 0
github.com/danielmiessler/fabric/core/chatter.go:136.17,138.4 1 0
github.com/danielmiessler/fabric/core/chatter.go:139.3,139.35 1 0
github.com/danielmiessler/fabric/core/chatter.go:142.2,143.28 2 0
github.com/danielmiessler/fabric/core/chatter.go:143.28,145.3 1 0
github.com/danielmiessler/fabric/core/chatter.go:147.2,147.9 1 0
github.com/danielmiessler/fabric/core/chatter.go:147.9,148.29 1 0
github.com/danielmiessler/fabric/core/chatter.go:148.29,149.27 1 0
github.com/danielmiessler/fabric/core/chatter.go:149.27,152.5 1 0
github.com/danielmiessler/fabric/core/chatter.go:153.9,154.27 1 0
github.com/danielmiessler/fabric/core/chatter.go:154.27,156.5 1 0
github.com/danielmiessler/fabric/core/chatter.go:158.8,159.26 1 0
github.com/danielmiessler/fabric/core/chatter.go:159.26,161.4 1 0
github.com/danielmiessler/fabric/core/chatter.go:164.2,164.28 1 0
github.com/danielmiessler/fabric/core/chatter.go:164.28,166.3 1 0
github.com/danielmiessler/fabric/core/chatter.go:168.2,168.23 1 0
github.com/danielmiessler/fabric/core/chatter.go:168.23,171.3 2 0
github.com/danielmiessler/fabric/core/chatter.go:172.2,172.8 1 0
github.com/danielmiessler/fabric/core/plugin_registry.go:34.70,46.49 3 1
github.com/danielmiessler/fabric/core/plugin_registry.go:46.49,48.3 1 0
github.com/danielmiessler/fabric/core/plugin_registry.go:49.2,60.8 5 1
github.com/danielmiessler/fabric/core/plugin_registry.go:76.52,83.49 4 1
github.com/danielmiessler/fabric/core/plugin_registry.go:83.49,85.3 1 0
github.com/danielmiessler/fabric/core/plugin_registry.go:87.2,92.8 5 1
github.com/danielmiessler/fabric/core/plugin_registry.go:95.46,98.38 2 0
github.com/danielmiessler/fabric/core/plugin_registry.go:98.38,100.29 2 0
github.com/danielmiessler/fabric/core/plugin_registry.go:100.29,102.5 1 0
github.com/danielmiessler/fabric/core/plugin_registry.go:102.10,104.5 1 0
github.com/danielmiessler/fabric/core/plugin_registry.go:105.4,105.77 1 0
github.com/danielmiessler/fabric/core/plugin_registry.go:108.2,109.48 1 0
github.com/danielmiessler/fabric/core/plugin_registry.go:109.48,111.4 1 0
github.com/danielmiessler/fabric/core/plugin_registry.go:113.2,115.6 2 0
github.com/danielmiessler/fabric/core/plugin_registry.go:115.6,118.72 2 0
github.com/danielmiessler/fabric/core/plugin_registry.go:118.72,119.9 1 0
github.com/danielmiessler/fabric/core/plugin_registry.go:122.3,122.32 1 0
github.com/danielmiessler/fabric/core/plugin_registry.go:122.32,123.9 1 0
github.com/danielmiessler/fabric/core/plugin_registry.go:125.3,128.22 3 0
github.com/danielmiessler/fabric/core/plugin_registry.go:128.22,130.86 2 0
github.com/danielmiessler/fabric/core/plugin_registry.go:130.86,132.5 1 0
github.com/danielmiessler/fabric/core/plugin_registry.go:134.4,134.63 1 0
github.com/danielmiessler/fabric/core/plugin_registry.go:134.63,136.5 1 0
github.com/danielmiessler/fabric/core/plugin_registry.go:136.10,137.42 1 0
github.com/danielmiessler/fabric/core/plugin_registry.go:137.42,138.11 1 0
github.com/danielmiessler/fabric/core/plugin_registry.go:142.4,142.69 1 0
github.com/danielmiessler/fabric/core/plugin_registry.go:142.69,144.44 2 0
github.com/danielmiessler/fabric/core/plugin_registry.go:144.44,146.6 1 0
github.com/danielmiessler/fabric/core/plugin_registry.go:148.9,149.9 1 0
github.com/danielmiessler/fabric/core/plugin_registry.go:153.2,155.8 2 0
github.com/danielmiessler/fabric/core/plugin_registry.go:158.69,159.91 1 0
github.com/danielmiessler/fabric/core/plugin_registry.go:159.91,161.3 1 0
github.com/danielmiessler/fabric/core/plugin_registry.go:162.2,163.8 2 0
github.com/danielmiessler/fabric/core/plugin_registry.go:166.45,168.46 2 1
github.com/danielmiessler/fabric/core/plugin_registry.go:168.46,169.56 1 1
github.com/danielmiessler/fabric/core/plugin_registry.go:169.56,171.4 1 0
github.com/danielmiessler/fabric/core/plugin_registry.go:175.73,179.2 3 0
github.com/danielmiessler/fabric/core/plugin_registry.go:182.50,192.2 7 1
github.com/danielmiessler/fabric/core/plugin_registry.go:194.127,206.16 6 0
github.com/danielmiessler/fabric/core/plugin_registry.go:206.16,209.3 2 0
github.com/danielmiessler/fabric/core/plugin_registry.go:211.2,212.33 2 0
github.com/danielmiessler/fabric/core/plugin_registry.go:212.33,214.3 1 0
github.com/danielmiessler/fabric/core/plugin_registry.go:216.2,216.12 1 0
github.com/danielmiessler/fabric/core/plugin_registry.go:216.12,219.22 3 0
github.com/danielmiessler/fabric/core/plugin_registry.go:219.22,221.4 1 0
github.com/danielmiessler/fabric/core/plugin_registry.go:222.8,222.24 1 0
github.com/danielmiessler/fabric/core/plugin_registry.go:222.24,225.3 2 0
github.com/danielmiessler/fabric/core/plugin_registry.go:225.8,227.58 2 0
github.com/danielmiessler/fabric/core/plugin_registry.go:227.58,229.4 1 0
github.com/danielmiessler/fabric/core/plugin_registry.go:230.3,231.20 2 0
github.com/danielmiessler/fabric/core/plugin_registry.go:234.2,234.23 1 0
github.com/danielmiessler/fabric/core/plugin_registry.go:234.23,236.48 2 0
github.com/danielmiessler/fabric/core/plugin_registry.go:236.48,238.4 1 0
github.com/danielmiessler/fabric/core/plugin_registry.go:238.9,240.4 1 0
github.com/danielmiessler/fabric/core/plugin_registry.go:241.3,244.9 2 0
github.com/danielmiessler/fabric/core/plugin_registry.go:246.2,246.8 1 0
github.com/danielmiessler/fabric/plugins/ai/mistral/mistral.go:7.32,11.2 3 1
github.com/danielmiessler/fabric/plugins/ai/ollama/ollama.go:18.32,32.2 5 1
github.com/danielmiessler/fabric/plugins/ai/ollama/ollama.go:42.42,43.59 1 0
github.com/danielmiessler/fabric/plugins/ai/ollama/ollama.go:43.59,46.3 2 0
github.com/danielmiessler/fabric/plugins/ai/ollama/ollama.go:48.2,49.8 2 0
github.com/danielmiessler/fabric/plugins/ai/ollama/ollama.go:52.57,56.52 3 0
github.com/danielmiessler/fabric/plugins/ai/ollama/ollama.go:56.52,58.3 1 0
github.com/danielmiessler/fabric/plugins/ai/ollama/ollama.go:60.2,60.38 1 0
github.com/danielmiessler/fabric/plugins/ai/ollama/ollama.go:60.38,62.3 1 0
github.com/danielmiessler/fabric/plugins/ai/ollama/ollama.go:63.2,63.8 1 0
github.com/danielmiessler/fabric/plugins/ai/ollama/ollama.go:66.128,69.66 2 0
github.com/danielmiessler/fabric/plugins/ai/ollama/ollama.go:69.66,72.3 2 0
github.com/danielmiessler/fabric/plugins/ai/ollama/ollama.go:74.2,76.58 2 0
github.com/danielmiessler/fabric/plugins/ai/ollama/ollama.go:76.58,78.3 1 0
github.com/danielmiessler/fabric/plugins/ai/ollama/ollama.go:80.2,81.8 2 0
github.com/danielmiessler/fabric/plugins/ai/ollama/ollama.go:84.134,90.66 4 0
github.com/danielmiessler/fabric/plugins/ai/ollama/ollama.go:90.66,93.3 2 0
github.com/danielmiessler/fabric/plugins/ai/ollama/ollama.go:95.2,95.58 1 0
github.com/danielmiessler/fabric/plugins/ai/ollama/ollama.go:95.58,97.3 1 0
github.com/danielmiessler/fabric/plugins/ai/ollama/ollama.go:98.2,98.8 1 0
github.com/danielmiessler/fabric/plugins/ai/ollama/ollama.go:101.130,102.104 1 0
github.com/danielmiessler/fabric/plugins/ai/ollama/ollama.go:102.104,104.3 1 0
github.com/danielmiessler/fabric/plugins/ai/ollama/ollama.go:106.2,113.34 2 0
github.com/danielmiessler/fabric/plugins/ai/ollama/ollama.go:113.34,115.3 1 0
github.com/danielmiessler/fabric/plugins/ai/ollama/ollama.go:117.2,122.8 2 0
github.com/danielmiessler/fabric/plugins/ai/siliconcloud/siliconcloud.go:7.32,11.2 3 1
github.com/danielmiessler/fabric/plugins/tools/defaults.go:13.86,33.2 6 1
github.com/danielmiessler/fabric/plugins/tools/defaults.go:44.40,46.59 2 0
github.com/danielmiessler/fabric/plugins/tools/defaults.go:46.59,48.3 1 0
github.com/danielmiessler/fabric/plugins/tools/defaults.go:50.2,52.37 2 0
github.com/danielmiessler/fabric/plugins/tools/defaults.go:52.37,54.3 1 0
github.com/danielmiessler/fabric/plugins/tools/defaults.go:56.2,57.21 2 0
github.com/danielmiessler/fabric/plugins/tools/defaults.go:57.21,58.104 1 0
github.com/danielmiessler/fabric/plugins/tools/defaults.go:58.104,60.4 1 0
github.com/danielmiessler/fabric/plugins/tools/defaults.go:61.8,63.3 1 0
github.com/danielmiessler/fabric/plugins/tools/defaults.go:66.2,67.27 2 0
github.com/danielmiessler/fabric/plugins/tools/defaults.go:67.27,70.3 2 0
github.com/danielmiessler/fabric/plugins/tools/defaults.go:72.2,76.8 4 0
github.com/danielmiessler/fabric/plugins/tools/patterns_loader.go:24.77,47.2 8 1
github.com/danielmiessler/fabric/plugins/tools/patterns_loader.go:62.50,67.2 3 1
github.com/danielmiessler/fabric/plugins/tools/patterns_loader.go:69.52,71.9 2 0
github.com/danielmiessler/fabric/plugins/tools/patterns_loader.go:71.9,72.62 1 0
github.com/danielmiessler/fabric/plugins/tools/patterns_loader.go:72.62,74.4 1 0
github.com/danielmiessler/fabric/plugins/tools/patterns_loader.go:76.2,76.8 1 0
github.com/danielmiessler/fabric/plugins/tools/patterns_loader.go:79.46,80.44 1 0
github.com/danielmiessler/fabric/plugins/tools/patterns_loader.go:80.44,82.3 1 0
github.com/danielmiessler/fabric/plugins/tools/patterns_loader.go:84.2,84.38 1 0
github.com/danielmiessler/fabric/plugins/tools/patterns_loader.go:84.38,86.3 1 0
github.com/danielmiessler/fabric/plugins/tools/patterns_loader.go:87.2,87.8 1 0
github.com/danielmiessler/fabric/plugins/tools/patterns_loader.go:91.51,94.43 3 0
github.com/danielmiessler/fabric/plugins/tools/patterns_loader.go:94.43,96.3 1 0
github.com/danielmiessler/fabric/plugins/tools/patterns_loader.go:98.2,98.40 1 0
github.com/danielmiessler/fabric/plugins/tools/patterns_loader.go:98.40,100.3 1 0
github.com/danielmiessler/fabric/plugins/tools/patterns_loader.go:101.2,101.8 1 0
github.com/danielmiessler/fabric/plugins/tools/patterns_loader.go:105.56,107.67 2 0
github.com/danielmiessler/fabric/plugins/tools/patterns_loader.go:107.67,109.3 1 0
github.com/danielmiessler/fabric/plugins/tools/patterns_loader.go:111.2,113.66 3 0
github.com/danielmiessler/fabric/plugins/tools/patterns_loader.go:113.66,115.3 1 0
github.com/danielmiessler/fabric/plugins/tools/patterns_loader.go:117.2,117.49 1 0
github.com/danielmiessler/fabric/plugins/tools/patterns_loader.go:117.49,118.42 1 0
github.com/danielmiessler/fabric/plugins/tools/patterns_loader.go:118.42,119.50 1 0
github.com/danielmiessler/fabric/plugins/tools/patterns_loader.go:119.50,120.10 1 0
github.com/danielmiessler/fabric/plugins/tools/patterns_loader.go:122.4,122.122 1 0
github.com/danielmiessler/fabric/plugins/tools/patterns_loader.go:125.2,125.8 1 0
github.com/danielmiessler/fabric/plugins/tools/patterns_loader.go:129.53,130.64 1 0
github.com/danielmiessler/fabric/plugins/tools/patterns_loader.go:130.64,132.3 1 0
github.com/danielmiessler/fabric/plugins/tools/patterns_loader.go:134.2,135.43 2 0
github.com/danielmiessler/fabric/plugins/tools/patterns_loader.go:135.43,137.3 1 0
github.com/danielmiessler/fabric/plugins/tools/patterns_loader.go:139.2,139.62 1 0
github.com/danielmiessler/fabric/plugins/tools/patterns_loader.go:139.62,141.3 1 0
github.com/danielmiessler/fabric/plugins/tools/patterns_loader.go:144.2,147.8 3 0
github.com/danielmiessler/fabric/plugins/tools/patterns_loader.go:150.56,156.17 2 0
github.com/danielmiessler/fabric/plugins/tools/patterns_loader.go:156.17,159.3 2 0
github.com/danielmiessler/fabric/plugins/tools/patterns_loader.go:162.2,163.37 2 0
github.com/danielmiessler/fabric/plugins/tools/patterns_loader.go:163.37,166.3 2 0
github.com/danielmiessler/fabric/plugins/tools/patterns_loader.go:169.2,172.38 2 0
github.com/danielmiessler/fabric/plugins/tools/patterns_loader.go:172.38,174.4 1 0
github.com/danielmiessler/fabric/plugins/tools/patterns_loader.go:175.17,178.3 2 0
github.com/danielmiessler/fabric/plugins/tools/patterns_loader.go:180.2,182.60 2 0
github.com/danielmiessler/fabric/plugins/tools/patterns_loader.go:182.60,185.71 2 0
github.com/danielmiessler/fabric/plugins/tools/patterns_loader.go:185.71,187.48 2 0
github.com/danielmiessler/fabric/plugins/tools/patterns_loader.go:187.48,190.5 2 0
github.com/danielmiessler/fabric/plugins/tools/patterns_loader.go:192.4,192.43 1 0
github.com/danielmiessler/fabric/plugins/tools/patterns_loader.go:192.43,193.63 1 0
github.com/danielmiessler/fabric/plugins/tools/patterns_loader.go:193.63,196.6 2 0
github.com/danielmiessler/fabric/plugins/tools/patterns_loader.go:198.4,198.10 1 0
github.com/danielmiessler/fabric/plugins/tools/patterns_loader.go:199.18,202.4 2 0
github.com/danielmiessler/fabric/plugins/tools/patterns_loader.go:203.3,203.9 1 0
github.com/danielmiessler/fabric/plugins/tools/patterns_loader.go:204.17,207.3 2 0
github.com/danielmiessler/fabric/plugins/tools/patterns_loader.go:210.2,210.42 1 0
[...]
github.com/danielmiessler/fabric/plugins/template/extension_registry.go:159.26,161.3 1 0
github.com/danielmiessler/fabric/plugins/template/extension_registry.go:162.2,162.20 1 0
github.com/danielmiessler/fabric/plugins/template/extension_registry.go:162.20,164.3 1 0
github.com/danielmiessler/fabric/plugins/template/extension_registry.go:167.2,167.23 1 0
github.com/danielmiessler/fabric/plugins/template/extension_registry.go:167.23,168.60 1 0
github.com/danielmiessler/fabric/plugins/template/extension_registry.go:168.60,170.4 1 0
github.com/danielmiessler/fabric/plugins/template/extension_registry.go:174.2,174.30 1 0
github.com/danielmiessler/fabric/plugins/template/extension_registry.go:174.30,176.3 1 0
github.com/danielmiessler/fabric/plugins/template/extension_registry.go:177.2,177.39 1 0
github.com/danielmiessler/fabric/plugins/template/extension_registry.go:177.39,178.27 1 0
github.com/danielmiessler/fabric/plugins/template/extension_registry.go:178.27,180.4 1 0
github.com/danielmiessler/fabric/plugins/template/extension_registry.go:183.2,183.12 1 0
github.com/danielmiessler/fabric/plugins/template/extension_registry.go:186.55,187.55 1 1
github.com/danielmiessler/fabric/plugins/template/extension_registry.go:187.55,189.3 1 1
github.com/danielmiessler/fabric/plugins/template/extension_registry.go:191.2,193.25 2 1
github.com/danielmiessler/fabric/plugins/template/extension_registry.go:196.55,199.13 2 0
github.com/danielmiessler/fabric/plugins/template/extension_registry.go:199.13,201.3 1 0
github.com/danielmiessler/fabric/plugins/template/extension_registry.go:204.2,205.16 2 0
github.com/danielmiessler/fabric/plugins/template/extension_registry.go:205.16,207.3 1 0
github.com/danielmiessler/fabric/plugins/template/extension_registry.go:210.2,211.43 2 0
github.com/danielmiessler/fabric/plugins/template/extension_registry.go:211.43,213.3 1 0
github.com/danielmiessler/fabric/plugins/template/extension_registry.go:216.2,217.51 2 0
github.com/danielmiessler/fabric/plugins/template/extension_registry.go:217.51,219.3 1 0
github.com/danielmiessler/fabric/plugins/template/extension_registry.go:222.2,223.16 2 0
github.com/danielmiessler/fabric/plugins/template/extension_registry.go:223.16,225.3 1 0
github.com/danielmiessler/fabric/plugins/template/extension_registry.go:227.2,227.51 1 0
github.com/danielmiessler/fabric/plugins/template/extension_registry.go:227.51,229.3 1 0
github.com/danielmiessler/fabric/plugins/template/extension_registry.go:231.2,231.12 1 0
github.com/danielmiessler/fabric/plugins/template/extension_registry.go:234.85,236.13 2 1
github.com/danielmiessler/fabric/plugins/template/extension_registry.go:236.13,238.3 1 1
github.com/danielmiessler/fabric/plugins/template/extension_registry.go:241.2,242.16 2 1
github.com/danielmiessler/fabric/plugins/template/extension_registry.go:242.16,244.3 1 0
github.com/danielmiessler/fabric/plugins/template/extension_registry.go:247.2,248.37 2 1
github.com/danielmiessler/fabric/plugins/template/extension_registry.go:248.37,250.3 1 0
github.com/danielmiessler/fabric/plugins/template/extension_registry.go:253.2,254.51 2 1
github.com/danielmiessler/fabric/plugins/template/extension_registry.go:254.51,256.3 1 0
github.com/danielmiessler/fabric/plugins/template/extension_registry.go:259.2,260.16 2 1
github.com/danielmiessler/fabric/plugins/template/extension_registry.go:260.16,262.3 1 0
github.com/danielmiessler/fabric/plugins/template/extension_registry.go:264.2,264.45 1 1
github.com/danielmiessler/fabric/plugins/template/extension_registry.go:264.45,266.3 1 1
github.com/danielmiessler/fabric/plugins/template/extension_registry.go:268.2,268.18 1 1
github.com/danielmiessler/fabric/plugins/template/extension_registry.go:271.78,274.42 2 0
github.com/danielmiessler/fabric/plugins/template/extension_registry.go:274.42,276.17 2 0
github.com/danielmiessler/fabric/plugins/template/extension_registry.go:276.17,280.12 2 0
github.com/danielmiessler/fabric/plugins/template/extension_registry.go:282.3,282.27 1 0
github.com/danielmiessler/fabric/plugins/template/extension_registry.go:285.2,285.18 1 0
github.com/danielmiessler/fabric/plugins/template/extension_registry.go:288.76,290.16 2 0
github.com/danielmiessler/fabric/plugins/template/extension_registry.go:290.16,292.3 1 0
github.com/danielmiessler/fabric/plugins/template/extension_registry.go:293.2,296.41 3 0
github.com/danielmiessler/fabric/plugins/template/extension_registry.go:296.41,298.3 1 0
github.com/danielmiessler/fabric/plugins/template/extension_registry.go:300.2,300.44 1 0
github.com/danielmiessler/fabric/plugins/template/extension_registry.go:303.50,305.16 2 1
github.com/danielmiessler/fabric/plugins/template/extension_registry.go:305.16,307.3 1 0
github.com/danielmiessler/fabric/plugins/template/extension_registry.go:309.2,310.47 2 1
github.com/danielmiessler/fabric/plugins/template/extension_registry.go:313.50,316.16 3 1
github.com/danielmiessler/fabric/plugins/template/extension_registry.go:316.16,317.25 1 1
github.com/danielmiessler/fabric/plugins/template/extension_registry.go:317.25,319.4 1 1
github.com/danielmiessler/fabric/plugins/template/extension_registry.go:320.3,320.66 1 0
github.com/danielmiessler/fabric/plugins/template/extension_registry.go:324.2,324.58 1 1
github.com/danielmiessler/fabric/plugins/template/extension_registry.go:324.58,326.3 1 0
github.com/danielmiessler/fabric/plugins/template/extension_registry.go:328.2,328.12 1 1
github.com/danielmiessler/fabric/plugins/template/fetch.go:33.77,36.19 2 1
github.com/danielmiessler/fabric/plugins/template/fetch.go:37.13,38.24 1 1
github.com/danielmiessler/fabric/plugins/template/fetch.go:39.10,40.83 1 0
github.com/danielmiessler/fabric/plugins/template/fetch.go:45.62,49.16 3 0
github.com/danielmiessler/fabric/plugins/template/fetch.go:49.16,52.3 2 0
github.com/danielmiessler/fabric/plugins/template/fetch.go:54.2,64.15 3 0
github.com/danielmiessler/fabric/plugins/template/fetch.go:68.65,71.26 2 0
github.com/danielmiessler/fabric/plugins/template/fetch.go:71.26,73.3 1 0
github.com/danielmiessler/fabric/plugins/template/fetch.go:75.2,75.40 1 0
github.com/danielmiessler/fabric/plugins/template/fetch.go:75.40,77.3 1 0
github.com/danielmiessler/fabric/plugins/template/fetch.go:79.2,80.12 2 0
github.com/danielmiessler/fabric/plugins/template/fetch.go:84.60,89.16 4 1
github.com/danielmiessler/fabric/plugins/template/fetch.go:89.16,91.3 1 1
github.com/danielmiessler/fabric/plugins/template/fetch.go:92.2,95.16 3 1
github.com/danielmiessler/fabric/plugins/template/fetch.go:95.16,97.3 1 1
github.com/danielmiessler/fabric/plugins/template/fetch.go:98.2,101.38 3 0
github.com/danielmiessler/fabric/plugins/template/fetch.go:101.38,103.3 1 0
github.com/danielmiessler/fabric/plugins/template/fetch.go:105.2,105.73 1 0
github.com/danielmiessler/fabric/plugins/template/fetch.go:105.73,108.3 1 0
github.com/danielmiessler/fabric/plugins/template/fetch.go:110.2,112.35 3 0
github.com/danielmiessler/fabric/plugins/template/fetch.go:112.35,115.3 1 0
github.com/danielmiessler/fabric/plugins/template/fetch.go:117.2,120.16 4 0
github.com/danielmiessler/fabric/plugins/template/fetch.go:120.16,122.3 1 0
github.com/danielmiessler/fabric/plugins/template/fetch.go:124.2,124.35 1 0
github.com/danielmiessler/fabric/plugins/template/fetch.go:124.35,126.3 1 0
github.com/danielmiessler/fabric/plugins/template/fetch.go:128.2,128.55 1 0
github.com/danielmiessler/fabric/plugins/template/fetch.go:128.55,130.3 1 0
github.com/danielmiessler/fabric/plugins/template/fetch.go:132.2,133.29 2 0
github.com/danielmiessler/fabric/plugins/template/file.go:26.60,30.34 2 1
github.com/danielmiessler/fabric/plugins/template/file.go:30.34,32.3 1 1
github.com/danielmiessler/fabric/plugins/template/file.go:35.2,35.35 1 1
github.com/danielmiessler/fabric/plugins/template/file.go:35.35,37.17 2 0
github.com/danielmiessler/fabric/plugins/template/file.go:37.17,39.4 1 0
github.com/danielmiessler/fabric/plugins/template/file.go:40.3,40.39 1 0
github.com/danielmiessler/fabric/plugins/template/file.go:44.2,46.21 3 1
github.com/danielmiessler/fabric/plugins/template/file.go:55.76,58.19 2 1
github.com/danielmiessler/fabric/plugins/template/file.go:59.14,61.22 2 1
github.com/danielmiessler/fabric/plugins/template/file.go:61.22,63.4 1 1
github.com/danielmiessler/fabric/plugins/template/file.go:65.3,66.17 2 1
github.com/danielmiessler/fabric/plugins/template/file.go:66.17,68.4 1 0
github.com/danielmiessler/fabric/plugins/template/file.go:70.3,71.17 2 1
github.com/danielmiessler/fabric/plugins/template/file.go:71.17,73.4 1 1
github.com/danielmiessler/fabric/plugins/template/file.go:75.3,75.12 1 1
github.com/danielmiessler/fabric/plugins/template/file.go:75.12,77.4 1 0
github.com/danielmiessler/fabric/plugins/template/file.go:79.3,80.17 2 1
github.com/danielmiessler/fabric/plugins/template/file.go:80.17,82.4 1 0
github.com/danielmiessler/fabric/plugins/template/file.go:84.3,86.21 3 1
github.com/danielmiessler/fabric/plugins/template/file.go:88.14,90.17 2 1
github.com/danielmiessler/fabric/plugins/template/file.go:90.17,92.4 1 1
github.com/danielmiessler/fabric/plugins/template/file.go:94.3,95.17 2 1
github.com/danielmiessler/fabric/plugins/template/file.go:95.17,97.4 1 1
github.com/danielmiessler/fabric/plugins/template/file.go:99.3,99.32 1 1
github.com/danielmiessler/fabric/plugins/template/file.go:99.32,102.4 1 1
github.com/danielmiessler/fabric/plugins/template/file.go:104.3,105.17 2 1
github.com/danielmiessler/fabric/plugins/template/file.go:105.17,107.4 1 0
github.com/danielmiessler/fabric/plugins/template/file.go:109.3,110.30 2 1
github.com/danielmiessler/fabric/plugins/template/file.go:112.16,114.17 2 1
github.com/danielmiessler/fabric/plugins/template/file.go:114.17,116.4 1 0
github.com/danielmiessler/fabric/plugins/template/file.go:118.3,121.40 4 1
github.com/danielmiessler/fabric/plugins/template/file.go:123.14,125.17 2 1
github.com/danielmiessler/fabric/plugins/template/file.go:125.17,127.4 1 0
github.com/danielmiessler/fabric/plugins/template/file.go:129.3,130.17 2 1
github.com/danielmiessler/fabric/plugins/template/file.go:130.17,132.4 1 0
github.com/danielmiessler/fabric/plugins/template/file.go:134.3,136.38 3 1
github.com/danielmiessler/fabric/plugins/template/file.go:138.18,140.17 2 1
github.com/danielmiessler/fabric/plugins/template/file.go:140.17,142.4 1 0
github.com/danielmiessler/fabric/plugins/template/file.go:144.3,145.17 2 1
github.com/danielmiessler/fabric/plugins/template/file.go:145.17,147.4 1 0
github.com/danielmiessler/fabric/plugins/template/file.go:149.3,151.20 3 1
github.com/danielmiessler/fabric/plugins/template/file.go:153.10,155.14 1 1
github.com/danielmiessler/fabric/plugins/template/file.go:160.71,164.16 3 1
github.com/danielmiessler/fabric/plugins/template/file.go:164.16,166.3 1 0
github.com/danielmiessler/fabric/plugins/template/file.go:167.2,170.16 3 1
github.com/danielmiessler/fabric/plugins/template/file.go:170.16,172.3 1 0
github.com/danielmiessler/fabric/plugins/template/file.go:174.2,174.31 1 1
github.com/danielmiessler/fabric/plugins/template/file.go:174.31,177.3 1 0
github.com/danielmiessler/fabric/plugins/template/file.go:179.2,183.21 4 1
github.com/danielmiessler/fabric/plugins/template/file.go:183.21,185.22 2 1
github.com/danielmiessler/fabric/plugins/template/file.go:185.22,187.4 1 1
github.com/danielmiessler/fabric/plugins/template/file.go:188.3,188.40 1 1
github.com/danielmiessler/fabric/plugins/template/file.go:191.2,191.38 1 1
github.com/danielmiessler/fabric/plugins/template/file.go:191.38,193.3 1 0
github.com/danielmiessler/fabric/plugins/template/file.go:195.2,196.19 2 1
github.com/danielmiessler/fabric/plugins/template/hash.go:13.47,15.16 2 1
github.com/danielmiessler/fabric/plugins/template/hash.go:15.16,17.3 1 1
github.com/danielmiessler/fabric/plugins/template/hash.go:18.2,21.41 3 1
github.com/danielmiessler/fabric/plugins/template/hash.go:21.41,23.3 1 0
github.com/danielmiessler/fabric/plugins/template/hash.go:25.2,25.44 1 1
github.com/danielmiessler/fabric/plugins/template/hash.go:29.41,33.2 3 1
github.com/danielmiessler/fabric/plugins/template/sys.go:24.75,27.19 2 1
github.com/danielmiessler/fabric/plugins/template/sys.go:28.18,30.17 2 1
github.com/danielmiessler/fabric/plugins/template/sys.go:30.17,33.4 2 0
github.com/danielmiessler/fabric/plugins/template/sys.go:34.3,35.23 2 1
github.com/danielmiessler/fabric/plugins/template/sys.go:37.14,39.17 2 1
github.com/danielmiessler/fabric/plugins/template/sys.go:39.17,42.4 2 0
github.com/danielmiessler/fabric/plugins/template/sys.go:43.3,44.35 2 1
github.com/danielmiessler/fabric/plugins/template/sys.go:46.12,49.21 3 1
github.com/danielmiessler/fabric/plugins/template/sys.go:51.14,54.21 3 1
github.com/danielmiessler/fabric/plugins/template/sys.go:56.13,57.18 1 1
github.com/danielmiessler/fabric/plugins/template/sys.go:57.18,60.4 2 1
github.com/danielmiessler/fabric/plugins/template/sys.go:61.3,63.21 3 1
github.com/danielmiessler/fabric/plugins/template/sys.go:65.13,67.17 2 1
github.com/danielmiessler/fabric/plugins/template/sys.go:67.17,70.4 2 0
github.com/danielmiessler/fabric/plugins/template/sys.go:71.3,72.18 2 1
github.com/danielmiessler/fabric/plugins/template/sys.go:74.14,76.17 2 1
github.com/danielmiessler/fabric/plugins/template/sys.go:76.17,79.4 2 0
github.com/danielmiessler/fabric/plugins/template/sys.go:80.3,81.22 2 1
github.com/danielmiessler/fabric/plugins/template/sys.go:83.10,85.118 2 1
github.com/danielmiessler/fabric/plugins/template/template.go:22.13,24.16 2 1
github.com/danielmiessler/fabric/plugins/template/template.go:24.16,26.3 1 0
github.com/danielmiessler/fabric/plugins/template/template.go:27.2,28.51 2 1
github.com/danielmiessler/fabric/plugins/template/template.go:35.46,36.11 1 1
github.com/danielmiessler/fabric/plugins/template/template.go:36.11,38.3 1 0
github.com/danielmiessler/fabric/plugins/template/template.go:41.95,47.38 4 1
github.com/danielmiessler/fabric/plugins/template/template.go:47.38,49.24 2 1
github.com/danielmiessler/fabric/plugins/template/template.go:49.24,50.9 1 0
github.com/danielmiessler/fabric/plugins/template/template.go:53.3,54.33 2 1
github.com/danielmiessler/fabric/plugins/template/template.go:54.33,59.45 3 1
github.com/danielmiessler/fabric/plugins/template/template.go:59.45,61.32 2 1
github.com/danielmiessler/fabric/plugins/template/template.go:61.32,65.33 4 1
github.com/danielmiessler/fabric/plugins/template/template.go:65.33,67.7 1 1
github.com/danielmiessler/fabric/plugins/template/template.go:69.6,77.23 7 1
github.com/danielmiessler/fabric/plugins/template/template.go:78.18,80.55 2 1
github.com/danielmiessler/fabric/plugins/template/template.go:81.22,83.59 2 0
github.com/danielmiessler/fabric/plugins/template/template.go:84.18,87.50 3 0
github.com/danielmiessler/fabric/plugins/template/template.go:88.19,90.56 2 0
github.com/danielmiessler/fabric/plugins/template/template.go:91.17,93.54 2 0
github.com/danielmiessler/fabric/plugins/template/template.go:94.14,95.71 1 1
github.com/danielmiessler/fabric/plugins/template/template.go:98.6,98.20 1 1
github.com/danielmiessler/fabric/plugins/template/template.go:98.20,101.7 2 1
github.com/danielmiessler/fabric/plugins/template/template.go:103.6,106.14 4 1
github.com/danielmiessler/fabric/plugins/template/template.go:110.4,110.96 1 1
github.com/danielmiessler/fabric/plugins/template/template.go:110.96,114.32 4 0
github.com/danielmiessler/fabric/plugins/template/template.go:114.32,116.6 1 0
github.com/danielmiessler/fabric/plugins/template/template.go:118.5,124.19 6 0
github.com/danielmiessler/fabric/plugins/template/template.go:124.19,126.6 1 0
github.com/danielmiessler/fabric/plugins/template/template.go:128.5,130.13 3 0
github.com/danielmiessler/fabric/plugins/template/template.go:134.4,135.26 2 1
github.com/danielmiessler/fabric/plugins/template/template.go:135.26,139.5 3 1
github.com/danielmiessler/fabric/plugins/template/template.go:139.10,140.43 1 1
github.com/danielmiessler/fabric/plugins/template/template.go:140.43,144.6 3 1
github.com/danielmiessler/fabric/plugins/template/template.go:144.11,148.6 3 1
github.com/danielmiessler/fabric/plugins/template/template.go:150.4,150.17 1 1
github.com/danielmiessler/fabric/plugins/template/template.go:150.17,152.5 1 0
github.com/danielmiessler/fabric/plugins/template/template.go:156.2,157.38 2 1
github.com/danielmiessler/fabric/plugins/template/template.go:157.38,159.24 2 0
github.com/danielmiessler/fabric/plugins/template/template.go:159.24,160.9 1 0
github.com/danielmiessler/fabric/plugins/template/template.go:163.3,164.33 2 0
github.com/danielmiessler/fabric/plugins/template/template.go:164.33,169.45 3 0
github.com/danielmiessler/fabric/plugins/template/template.go:169.45,171.32 2 0
github.com/danielmiessler/fabric/plugins/template/template.go:171.32,175.33 4 0
github.com/danielmiessler/fabric/plugins/template/template.go:175.33,177.7 1 0
github.com/danielmiessler/fabric/plugins/template/template.go:179.6,187.23 7 0
github.com/danielmiessler/fabric/plugins/template/template.go:188.18,190.55 2 0
github.com/danielmiessler/fabric/plugins/template/template.go:191.22,193.59 2 0
github.com/danielmiessler/fabric/plugins/template/template.go:194.18,197.50 3 0
github.com/danielmiessler/fabric/plugins/template/template.go:198.19,200.56 2 0
github.com/danielmiessler/fabric/plugins/template/template.go:201.17,203.54 2 0
github.com/danielmiessler/fabric/plugins/template/template.go:204.14,205.71 1 0
github.com/danielmiessler/fabric/plugins/template/template.go:208.6,208.20 1 0
github.com/danielmiessler/fabric/plugins/template/template.go:208.20,211.7 2 0
github.com/danielmiessler/fabric/plugins/template/template.go:213.6,216.14 4 0
github.com/danielmiessler/fabric/plugins/template/template.go:221.4,222.26 2 0
github.com/danielmiessler/fabric/plugins/template/template.go:222.26,226.5 3 0
github.com/danielmiessler/fabric/plugins/template/template.go:226.10,227.43 1 0
github.com/danielmiessler/fabric/plugins/template/template.go:227.43,231.6 3 0
github.com/danielmiessler/fabric/plugins/template/template.go:231.11,235.6 3 0
github.com/danielmiessler/fabric/plugins/template/template.go:237.4,237.17 1 0
github.com/danielmiessler/fabric/plugins/template/template.go:237.17,239.5 1 0
github.com/danielmiessler/fabric/plugins/template/template.go:243.2,244.21 2 1
github.com/danielmiessler/fabric/plugins/template/text.go:14.31,19.34 3 1
github.com/danielmiessler/fabric/plugins/template/text.go:19.34,22.46 1 1
github.com/danielmiessler/fabric/plugins/template/text.go:22.46,23.57 1 1
github.com/danielmiessler/fabric/plugins/template/text.go:23.57,25.5 1 1
github.com/danielmiessler/fabric/plugins/template/text.go:29.2,29.22 1 1
github.com/danielmiessler/fabric/plugins/template/text.go:33.76,36.17 2 1
github.com/danielmiessler/fabric/plugins/template/text.go:36.17,38.3 1 1
github.com/danielmiessler/fabric/plugins/template/text.go:40.2,40.19 1 1
github.com/danielmiessler/fabric/plugins/template/text.go:41.15,44.21 3 1
github.com/danielmiessler/fabric/plugins/template/text.go:46.15,49.21 3 1
github.com/danielmiessler/fabric/plugins/template/text.go:51.15,54.21 3 1
github.com/danielmiessler/fabric/plugins/template/text.go:56.14,59.21 3 1
github.com/danielmiessler/fabric/plugins/template/text.go:61.10,62.109 1 1
github.com/danielmiessler/fabric/plugins/template/utils.go:18.46,20.35 1 0
github.com/danielmiessler/fabric/plugins/template/utils.go:20.35,22.17 2 0
github.com/danielmiessler/fabric/plugins/template/utils.go:22.17,24.4 1 0
github.com/danielmiessler/fabric/plugins/template/utils.go:26.3,26.46 1 0
github.com/danielmiessler/fabric/plugins/template/utils.go:30.2,31.16 2 0
github.com/danielmiessler/fabric/plugins/template/utils.go:31.16,33.3 1 0
github.com/danielmiessler/fabric/plugins/template/utils.go:36.2,36.44 1 0
github.com/danielmiessler/fabric/plugins/template/utils.go:36.44,38.3 1 0
github.com/danielmiessler/fabric/plugins/template/utils.go:40.2,40.21 1 0
